[27-01-2018 07:37:02] PayPal\Core\PayPalHttpConnection : INFO: POST https://api.sandbox.paypal.com/v1/oauth2/token
[27-01-2018 07:40:05] PayPal\Core\PayPalHttpConnection : INFO: POST https://api.sandbox.paypal.com/v1/oauth2/token
[27-01-2018 10:08:27] PayPal\Core\PayPalHttpConnection : INFO: POST https://api.sandbox.paypal.com/v1/oauth2/token
[27-01-2018 10:08:34] PayPal\Core\PayPalHttpConnection : INFO: Invalid or no certificate authority found - Retrying using bundled CA certs file
[27-01-2018 10:11:08] PayPal\Core\PayPalHttpConnection : INFO: POST https://api.sandbox.paypal.com/v1/oauth2/token
[27-01-2018 10:11:15] PayPal\Core\PayPalHttpConnection : INFO: Invalid or no certificate authority found - Retrying using bundled CA certs file
[27-01-2018 10:11:25] PayPal\Core\PayPalHttpConnection : INFO: Response Status 	: 401
[27-01-2018 10:11:25] PayPal\Core\PayPalHttpConnection : ERROR: Got Http response code 401 when accessing https://api.sandbox.paypal.com/v1/oauth2/token. {"error":"invalid_client","error_description":"Client Authentication failed"}
[27-01-2018 10:15:27] PayPal\Core\PayPalHttpConnection : INFO: POST https://api.sandbox.paypal.com/v1/oauth2/token
[27-01-2018 10:15:32] PayPal\Core\PayPalHttpConnection : INFO: Invalid or no certificate authority found - Retrying using bundled CA certs file
[27-01-2018 10:15:33] PayPal\Core\PayPalHttpConnection : INFO: Response Status 	: 200
[27-01-2018 10:15:33] PayPal\Core\PayPalHttpConnection : INFO: POST https://api.sandbox.paypal.com/v1/payments/payment
[27-01-2018 10:15:34] PayPal\Core\PayPalHttpConnection : INFO: Invalid or no certificate authority found - Retrying using bundled CA certs file
[27-01-2018 10:15:35] PayPal\Core\PayPalHttpConnection : INFO: Response Status 	: 400
[27-01-2018 10:15:35] PayPal\Core\PayPalHttpConnection : ERROR: Got Http response code 400 when accessing https://api.sandbox.paypal.com/v1/payments/payment. {"name":"VALIDATION_ERROR","details":[{"field":"transactions[0].amount","issue":"Amount cannot be zero"}],"message":"Invalid request - see details","information_link":"https://developer.paypal.com/docs/api/payments/#errors","debug_id":"94e1ef43881f5"}
[27-01-2018 10:16:35] PayPal\Core\PayPalHttpConnection : INFO: POST https://api.sandbox.paypal.com/v1/oauth2/token
[27-01-2018 10:16:38] PayPal\Core\PayPalHttpConnection : INFO: Invalid or no certificate authority found - Retrying using bundled CA certs file
[27-01-2018 10:16:39] PayPal\Core\PayPalHttpConnection : INFO: Response Status 	: 200
[27-01-2018 10:16:39] PayPal\Core\PayPalHttpConnection : INFO: POST https://api.sandbox.paypal.com/v1/payments/payment
[27-01-2018 10:16:39] PayPal\Core\PayPalHttpConnection : INFO: Invalid or no certificate authority found - Retrying using bundled CA certs file
[27-01-2018 10:16:41] PayPal\Core\PayPalHttpConnection : INFO: Response Status 	: 400
[27-01-2018 10:16:41] PayPal\Core\PayPalHttpConnection : ERROR: Got Http response code 400 when accessing https://api.sandbox.paypal.com/v1/payments/payment. {"name":"VALIDATION_ERROR","details":[{"field":"transactions[0].amount","issue":"Amount cannot be zero"}],"message":"Invalid request - see details","information_link":"https://developer.paypal.com/docs/api/payments/#errors","debug_id":"733104943e6f2"}
[27-01-2018 10:16:59] PayPal\Core\PayPalHttpConnection : INFO: POST https://api.sandbox.paypal.com/v1/oauth2/token
[27-01-2018 10:17:02] PayPal\Core\PayPalHttpConnection : INFO: Invalid or no certificate authority found - Retrying using bundled CA certs file
[27-01-2018 10:17:04] PayPal\Core\PayPalHttpConnection : INFO: Response Status 	: 200
[27-01-2018 10:17:04] PayPal\Core\PayPalHttpConnection : INFO: POST https://api.sandbox.paypal.com/v1/payments/payment
[27-01-2018 10:17:05] PayPal\Core\PayPalHttpConnection : INFO: Invalid or no certificate authority found - Retrying using bundled CA certs file
[27-01-2018 10:17:07] PayPal\Core\PayPalHttpConnection : INFO: Response Status 	: 400
[27-01-2018 10:17:07] PayPal\Core\PayPalHttpConnection : ERROR: Got Http response code 400 when accessing https://api.sandbox.paypal.com/v1/payments/payment. {"name":"VALIDATION_ERROR","details":[{"field":"transactions[0].amount","issue":"Amount cannot be zero"}],"message":"Invalid request - see details","information_link":"https://developer.paypal.com/docs/api/payments/#errors","debug_id":"bae4690f2f744"}
[27-01-2018 10:17:46] PayPal\Core\PayPalHttpConnection : INFO: POST https://api.sandbox.paypal.com/v1/oauth2/token
[27-01-2018 10:18:52] PayPal\Core\PayPalHttpConnection : INFO: POST https://api.sandbox.paypal.com/v1/oauth2/token
[27-01-2018 10:18:52] PayPal\Core\PayPalHttpConnection : INFO: Invalid or no certificate authority found - Retrying using bundled CA certs file
[27-01-2018 10:18:54] PayPal\Core\PayPalHttpConnection : INFO: Response Status 	: 200
[27-01-2018 10:18:54] PayPal\Core\PayPalHttpConnection : INFO: POST https://api.sandbox.paypal.com/v1/payments/payment
[27-01-2018 10:18:54] PayPal\Core\PayPalHttpConnection : INFO: Invalid or no certificate authority found - Retrying using bundled CA certs file
[27-01-2018 10:18:56] PayPal\Core\PayPalHttpConnection : INFO: Response Status 	: 201
[27-01-2018 10:22:39] PayPal\Core\PayPalHttpConnection : INFO: POST https://api.sandbox.paypal.com/v1/oauth2/token
[27-01-2018 10:22:42] PayPal\Core\PayPalHttpConnection : INFO: Invalid or no certificate authority found - Retrying using bundled CA certs file
[27-01-2018 10:22:44] PayPal\Core\PayPalHttpConnection : INFO: Response Status 	: 200
[27-01-2018 10:22:44] PayPal\Core\PayPalHttpConnection : INFO: POST https://api.sandbox.paypal.com/v1/payments/payment
[27-01-2018 10:22:45] PayPal\Core\PayPalHttpConnection : INFO: Invalid or no certificate authority found - Retrying using bundled CA certs file
[27-01-2018 10:22:49] PayPal\Core\PayPalHttpConnection : INFO: Response Status 	: 201
[27-01-2018 10:26:53] PayPal\Core\PayPalHttpConnection : INFO: POST https://api.sandbox.paypal.com/v1/oauth2/token
[27-01-2018 10:26:54] PayPal\Core\PayPalHttpConnection : INFO: Invalid or no certificate authority found - Retrying using bundled CA certs file
[27-01-2018 10:26:56] PayPal\Core\PayPalHttpConnection : INFO: Response Status 	: 200
[27-01-2018 10:26:56] PayPal\Core\PayPalHttpConnection : INFO: GET https://api.sandbox.paypal.com/v1/payments/payment/PAY-3HC501790V8341215LJWPXOI
[27-01-2018 10:26:57] PayPal\Core\PayPalHttpConnection : INFO: Invalid or no certificate authority found - Retrying using bundled CA certs file
[27-01-2018 10:27:00] PayPal\Core\PayPalHttpConnection : INFO: Response Status 	: 200
[27-01-2018 10:27:00] PayPal\Core\PayPalHttpConnection : INFO: POST https://api.sandbox.paypal.com/v1/payments/payment/PAY-3HC501790V8341215LJWPXOI/execute
[27-01-2018 10:27:01] PayPal\Core\PayPalHttpConnection : INFO: Invalid or no certificate authority found - Retrying using bundled CA certs file
[27-01-2018 10:27:04] PayPal\Core\PayPalHttpConnection : INFO: Response Status 	: 400
[27-01-2018 10:27:04] PayPal\Core\PayPalHttpConnection : ERROR: Got Http response code 400 when accessing https://api.sandbox.paypal.com/v1/payments/payment/PAY-3HC501790V8341215LJWPXOI/execute. {"name":"INVALID_PAYER_ID","message":"Payer ID is invalid","information_link":"https://developer.paypal.com/docs/api/payments/#errors","debug_id":"7c3acc6d478e3"}
[27-01-2018 10:28:38] PayPal\Core\PayPalHttpConnection : INFO: POST https://api.sandbox.paypal.com/v1/oauth2/token
[27-01-2018 10:28:42] PayPal\Core\PayPalHttpConnection : INFO: Invalid or no certificate authority found - Retrying using bundled CA certs file
[27-01-2018 10:28:50] PayPal\Core\PayPalHttpConnection : INFO: Response Status 	: 200
[27-01-2018 10:28:50] PayPal\Core\PayPalHttpConnection : INFO: GET https://api.sandbox.paypal.com/v1/payments/payment/PAY-3HC501790V8341215LJWPXOI
[27-01-2018 10:28:53] PayPal\Core\PayPalHttpConnection : INFO: Invalid or no certificate authority found - Retrying using bundled CA certs file
[27-01-2018 10:29:02] PayPal\Core\PayPalHttpConnection : INFO: Response Status 	: 200
[27-01-2018 10:29:02] PayPal\Core\PayPalHttpConnection : INFO: POST https://api.sandbox.paypal.com/v1/payments/payment/PAY-3HC501790V8341215LJWPXOI/execute
[27-01-2018 10:29:06] PayPal\Core\PayPalHttpConnection : INFO: Invalid or no certificate authority found - Retrying using bundled CA certs file
[27-01-2018 10:29:19] PayPal\Core\PayPalHttpConnection : INFO: POST https://api.sandbox.paypal.com/v1/oauth2/token
[27-01-2018 10:29:22] PayPal\Core\PayPalHttpConnection : INFO: Invalid or no certificate authority found - Retrying using bundled CA certs file
[27-01-2018 10:29:26] PayPal\Core\PayPalHttpConnection : INFO: Response Status 	: 200
[27-01-2018 10:29:26] PayPal\Core\PayPalHttpConnection : INFO: GET https://api.sandbox.paypal.com/v1/payments/payment/PAY-3HC501790V8341215LJWPXOI
[27-01-2018 10:29:27] PayPal\Core\PayPalHttpConnection : INFO: Invalid or no certificate authority found - Retrying using bundled CA certs file
[27-01-2018 10:29:28] PayPal\Core\PayPalHttpConnection : INFO: Response Status 	: 200
[27-01-2018 10:29:28] PayPal\Core\PayPalHttpConnection : INFO: POST https://api.sandbox.paypal.com/v1/payments/payment/PAY-3HC501790V8341215LJWPXOI/execute
[27-01-2018 10:29:29] PayPal\Core\PayPalHttpConnection : INFO: Invalid or no certificate authority found - Retrying using bundled CA certs file
[27-01-2018 10:29:30] PayPal\Core\PayPalHttpConnection : INFO: Response Status 	: 400
[27-01-2018 10:29:30] PayPal\Core\PayPalHttpConnection : ERROR: Got Http response code 400 when accessing https://api.sandbox.paypal.com/v1/payments/payment/PAY-3HC501790V8341215LJWPXOI/execute. {"name":"PAYMENT_ALREADY_DONE","message":"Payment has been done already for this cart.","information_link":"https://developer.paypal.com/docs/api/payments/#errors","debug_id":"24eefb0cdf156"}
[27-01-2018 10:59:16] PayPal\Core\PayPalHttpConnection : INFO: POST https://api.sandbox.paypal.com/v1/oauth2/token
[27-01-2018 10:59:19] PayPal\Core\PayPalHttpConnection : INFO: Invalid or no certificate authority found - Retrying using bundled CA certs file
[27-01-2018 10:59:22] PayPal\Core\PayPalHttpConnection : INFO: Response Status 	: 200
[27-01-2018 10:59:22] PayPal\Core\PayPalHttpConnection : INFO: GET https://api.sandbox.paypal.com/v1/payments/payment/PAY-3HC501790V8341215LJWPXOI
[27-01-2018 10:59:24] PayPal\Core\PayPalHttpConnection : INFO: Invalid or no certificate authority found - Retrying using bundled CA certs file
[27-01-2018 10:59:27] PayPal\Core\PayPalHttpConnection : INFO: Response Status 	: 200
[27-01-2018 10:59:28] PayPal\Core\PayPalHttpConnection : INFO: POST https://api.sandbox.paypal.com/v1/payments/payment/PAY-3HC501790V8341215LJWPXOI/execute
[27-01-2018 10:59:29] PayPal\Core\PayPalHttpConnection : INFO: Invalid or no certificate authority found - Retrying using bundled CA certs file
[27-01-2018 10:59:31] PayPal\Core\PayPalHttpConnection : INFO: Response Status 	: 400
[27-01-2018 10:59:32] PayPal\Core\PayPalHttpConnection : ERROR: Got Http response code 400 when accessing https://api.sandbox.paypal.com/v1/payments/payment/PAY-3HC501790V8341215LJWPXOI/execute. {"name":"PAYMENT_ALREADY_DONE","message":"Payment has been done already for this cart.","information_link":"https://developer.paypal.com/docs/api/payments/#errors","debug_id":"3ebfe57ae2700"}
[27-01-2018 11:04:36] PayPal\Core\PayPalHttpConnection : INFO: POST https://api.sandbox.paypal.com/v1/oauth2/token
[27-01-2018 11:04:37] PayPal\Core\PayPalHttpConnection : INFO: Invalid or no certificate authority found - Retrying using bundled CA certs file
[27-01-2018 11:04:39] PayPal\Core\PayPalHttpConnection : INFO: Response Status 	: 200
[27-01-2018 11:04:39] PayPal\Core\PayPalHttpConnection : INFO: GET https://api.sandbox.paypal.com/v1/payments/payment/PAY-3HC501790V8341215LJWPXOI
[27-01-2018 11:04:40] PayPal\Core\PayPalHttpConnection : INFO: Invalid or no certificate authority found - Retrying using bundled CA certs file
[27-01-2018 11:04:42] PayPal\Core\PayPalHttpConnection : INFO: Response Status 	: 200
[27-01-2018 11:04:42] PayPal\Core\PayPalHttpConnection : INFO: POST https://api.sandbox.paypal.com/v1/payments/payment/PAY-3HC501790V8341215LJWPXOI/execute
[27-01-2018 11:04:43] PayPal\Core\PayPalHttpConnection : INFO: Invalid or no certificate authority found - Retrying using bundled CA certs file
[27-01-2018 11:04:45] PayPal\Core\PayPalHttpConnection : INFO: Response Status 	: 400
[27-01-2018 11:04:45] PayPal\Core\PayPalHttpConnection : ERROR: Got Http response code 400 when accessing https://api.sandbox.paypal.com/v1/payments/payment/PAY-3HC501790V8341215LJWPXOI/execute. {"name":"PAYMENT_ALREADY_DONE","message":"Payment has been done already for this cart.","information_link":"https://developer.paypal.com/docs/api/payments/#errors","debug_id":"9c5af222ec32"}
[27-01-2018 11:31:01] PayPal\Core\PayPalHttpConnection : INFO: POST https://api.sandbox.paypal.com/v1/oauth2/token
[27-01-2018 11:31:07] PayPal\Core\PayPalHttpConnection : INFO: Invalid or no certificate authority found - Retrying using bundled CA certs file
[27-01-2018 11:31:09] PayPal\Core\PayPalHttpConnection : INFO: Response Status 	: 200
[27-01-2018 11:31:09] PayPal\Core\PayPalHttpConnection : INFO: GET https://api.sandbox.paypal.com/v1/payments/payment/PAY-3HC501790V8341215LJWPXOI
[27-01-2018 11:31:10] PayPal\Core\PayPalHttpConnection : INFO: Invalid or no certificate authority found - Retrying using bundled CA certs file
[27-01-2018 11:31:12] PayPal\Core\PayPalHttpConnection : INFO: Response Status 	: 200
[27-01-2018 11:31:12] PayPal\Core\PayPalHttpConnection : INFO: POST https://api.sandbox.paypal.com/v1/payments/payment/PAY-3HC501790V8341215LJWPXOI/execute
[27-01-2018 11:31:13] PayPal\Core\PayPalHttpConnection : INFO: Invalid or no certificate authority found - Retrying using bundled CA certs file
[27-01-2018 11:31:15] PayPal\Core\PayPalHttpConnection : INFO: Response Status 	: 400
[27-01-2018 11:31:15] PayPal\Core\PayPalHttpConnection : ERROR: Got Http response code 400 when accessing https://api.sandbox.paypal.com/v1/payments/payment/PAY-3HC501790V8341215LJWPXOI/execute. {"name":"PAYMENT_ALREADY_DONE","message":"Payment has been done already for this cart.","information_link":"https://developer.paypal.com/docs/api/payments/#errors","debug_id":"99c8bc4bb9a49"}
[27-01-2018 11:32:20] PayPal\Core\PayPalHttpConnection : INFO: POST https://api.sandbox.paypal.com/v1/oauth2/token
[27-01-2018 11:32:40] PayPal\Core\PayPalHttpConnection : INFO: POST https://api.sandbox.paypal.com/v1/oauth2/token
[27-01-2018 11:33:26] PayPal\Core\PayPalHttpConnection : INFO: POST https://api.sandbox.paypal.com/v1/oauth2/token
[27-01-2018 11:33:29] PayPal\Core\PayPalHttpConnection : INFO: Invalid or no certificate authority found - Retrying using bundled CA certs file
[27-01-2018 11:34:24] PayPal\Core\PayPalHttpConnection : INFO: POST https://api.sandbox.paypal.com/v1/oauth2/token
[27-01-2018 11:34:34] PayPal\Core\PayPalHttpConnection : INFO: Invalid or no certificate authority found - Retrying using bundled CA certs file
[27-01-2018 11:34:38] PayPal\Core\PayPalHttpConnection : INFO: Response Status 	: 200
[27-01-2018 11:34:38] PayPal\Core\PayPalHttpConnection : INFO: POST https://api.sandbox.paypal.com/v1/payments/payment
[27-01-2018 11:35:02] PayPal\Core\PayPalHttpConnection : INFO: POST https://api.sandbox.paypal.com/v1/oauth2/token
[27-01-2018 11:35:03] PayPal\Core\PayPalHttpConnection : INFO: Invalid or no certificate authority found - Retrying using bundled CA certs file
[27-01-2018 11:35:04] PayPal\Core\PayPalHttpConnection : INFO: Response Status 	: 200
[27-01-2018 11:35:04] PayPal\Core\PayPalHttpConnection : INFO: POST https://api.sandbox.paypal.com/v1/payments/payment
[27-01-2018 11:35:06] PayPal\Core\PayPalHttpConnection : INFO: Invalid or no certificate authority found - Retrying using bundled CA certs file
[27-01-2018 11:35:11] PayPal\Core\PayPalHttpConnection : INFO: Response Status 	: 201
[27-01-2018 11:36:38] PayPal\Core\PayPalHttpConnection : INFO: POST https://api.sandbox.paypal.com/v1/oauth2/token
[27-01-2018 11:37:01] PayPal\Core\PayPalHttpConnection : INFO: POST https://api.sandbox.paypal.com/v1/oauth2/token
[27-01-2018 11:37:04] PayPal\Core\PayPalHttpConnection : INFO: Invalid or no certificate authority found - Retrying using bundled CA certs file
[27-01-2018 11:37:09] PayPal\Core\PayPalHttpConnection : INFO: Response Status 	: 200
[27-01-2018 11:37:09] PayPal\Core\PayPalHttpConnection : INFO: GET https://api.sandbox.paypal.com/v1/payments/payment/PAY-92R73231RK716862ELJWQZLI
[27-01-2018 11:37:11] PayPal\Core\PayPalHttpConnection : INFO: Invalid or no certificate authority found - Retrying using bundled CA certs file
[27-01-2018 11:37:15] PayPal\Core\PayPalHttpConnection : INFO: Response Status 	: 200
[27-01-2018 11:37:16] PayPal\Core\PayPalHttpConnection : INFO: POST https://api.sandbox.paypal.com/v1/payments/payment/PAY-92R73231RK716862ELJWQZLI/execute
[27-01-2018 11:37:18] PayPal\Core\PayPalHttpConnection : INFO: Invalid or no certificate authority found - Retrying using bundled CA certs file
[27-01-2018 11:37:22] PayPal\Core\PayPalHttpConnection : INFO: Response Status 	: 200
[28-01-2018 12:30:59] PayPal\Core\PayPalHttpConnection : INFO: POST https://api.sandbox.paypal.com/v1/oauth2/token
[28-01-2018 12:31:04] PayPal\Core\PayPalHttpConnection : INFO: Invalid or no certificate authority found - Retrying using bundled CA certs file
[28-01-2018 12:31:07] PayPal\Core\PayPalHttpConnection : INFO: Response Status 	: 200
[28-01-2018 12:31:07] PayPal\Core\PayPalHttpConnection : INFO: POST https://api.sandbox.paypal.com/v1/payments/payment
[28-01-2018 12:31:08] PayPal\Core\PayPalHttpConnection : INFO: Invalid or no certificate authority found - Retrying using bundled CA certs file
[28-01-2018 12:31:10] PayPal\Core\PayPalHttpConnection : INFO: Response Status 	: 201
[28-01-2018 02:42:32] PayPal\Core\PayPalHttpConnection : INFO: POST https://api.sandbox.paypal.com/v1/oauth2/token
[28-01-2018 02:42:36] PayPal\Core\PayPalHttpConnection : INFO: Invalid or no certificate authority found - Retrying using bundled CA certs file
[28-01-2018 02:42:39] PayPal\Core\PayPalHttpConnection : INFO: Response Status 	: 200
[28-01-2018 02:42:39] PayPal\Core\PayPalHttpConnection : INFO: POST https://api.sandbox.paypal.com/v1/payments/payment
[28-01-2018 02:42:40] PayPal\Core\PayPalHttpConnection : INFO: Invalid or no certificate authority found - Retrying using bundled CA certs file
[28-01-2018 02:42:42] PayPal\Core\PayPalHttpConnection : INFO: Response Status 	: 201
[28-01-2018 02:43:43] PayPal\Core\PayPalHttpConnection : INFO: POST https://api.sandbox.paypal.com/v1/oauth2/token
[28-01-2018 02:43:48] PayPal\Core\PayPalHttpConnection : INFO: Invalid or no certificate authority found - Retrying using bundled CA certs file
[28-01-2018 02:43:49] PayPal\Core\PayPalHttpConnection : INFO: Response Status 	: 200
[28-01-2018 02:43:49] PayPal\Core\PayPalHttpConnection : INFO: GET https://api.sandbox.paypal.com/v1/payments/payment/PAY-7JF407842J494592GLJWTRIQ
[28-01-2018 02:43:49] PayPal\Core\PayPalHttpConnection : INFO: Invalid or no certificate authority found - Retrying using bundled CA certs file
[28-01-2018 02:43:50] PayPal\Core\PayPalHttpConnection : INFO: Response Status 	: 200
[28-01-2018 02:43:51] PayPal\Core\PayPalHttpConnection : INFO: POST https://api.sandbox.paypal.com/v1/payments/payment/PAY-7JF407842J494592GLJWTRIQ/execute
[28-01-2018 02:43:51] PayPal\Core\PayPalHttpConnection : INFO: Invalid or no certificate authority found - Retrying using bundled CA certs file
[28-01-2018 02:43:53] PayPal\Core\PayPalHttpConnection : INFO: Response Status 	: 200
[28-01-2018 02:44:45] PayPal\Core\PayPalHttpConnection : INFO: POST https://api.sandbox.paypal.com/v1/oauth2/token
[28-01-2018 02:44:47] PayPal\Core\PayPalHttpConnection : INFO: Invalid or no certificate authority found - Retrying using bundled CA certs file
[28-01-2018 02:44:48] PayPal\Core\PayPalHttpConnection : INFO: Response Status 	: 200
[28-01-2018 02:44:48] PayPal\Core\PayPalHttpConnection : INFO: GET https://api.sandbox.paypal.com/v1/payments/payment/PAY-7JF407842J494592GLJWTRIQ
[28-01-2018 02:44:49] PayPal\Core\PayPalHttpConnection : INFO: Invalid or no certificate authority found - Retrying using bundled CA certs file
[28-01-2018 02:44:50] PayPal\Core\PayPalHttpConnection : INFO: Response Status 	: 200
[28-01-2018 02:44:50] PayPal\Core\PayPalHttpConnection : INFO: POST https://api.sandbox.paypal.com/v1/payments/payment/PAY-7JF407842J494592GLJWTRIQ/execute
[28-01-2018 02:44:51] PayPal\Core\PayPalHttpConnection : INFO: Invalid or no certificate authority found - Retrying using bundled CA certs file
[28-01-2018 02:44:52] PayPal\Core\PayPalHttpConnection : INFO: Response Status 	: 400
[28-01-2018 02:44:52] PayPal\Core\PayPalHttpConnection : ERROR: Got Http response code 400 when accessing https://api.sandbox.paypal.com/v1/payments/payment/PAY-7JF407842J494592GLJWTRIQ/execute. {"name":"PAYMENT_ALREADY_DONE","message":"Payment has been done already for this cart.","information_link":"https://developer.paypal.com/docs/api/payments/#errors","debug_id":"b9871a3cbb0e3"}
[28-01-2018 02:45:15] PayPal\Core\PayPalHttpConnection : INFO: POST https://api.sandbox.paypal.com/v1/oauth2/token
[28-01-2018 02:45:17] PayPal\Core\PayPalHttpConnection : INFO: Invalid or no certificate authority found - Retrying using bundled CA certs file
[28-01-2018 02:45:18] PayPal\Core\PayPalHttpConnection : INFO: Response Status 	: 200
[28-01-2018 02:45:18] PayPal\Core\PayPalHttpConnection : INFO: GET https://api.sandbox.paypal.com/v1/payments/payment/PAY-7JF407842J494592GLJWTRIQ
[28-01-2018 02:45:18] PayPal\Core\PayPalHttpConnection : INFO: Invalid or no certificate authority found - Retrying using bundled CA certs file
[28-01-2018 02:45:20] PayPal\Core\PayPalHttpConnection : INFO: Response Status 	: 200
[28-01-2018 02:45:20] PayPal\Core\PayPalHttpConnection : INFO: POST https://api.sandbox.paypal.com/v1/payments/payment/PAY-7JF407842J494592GLJWTRIQ/execute
[28-01-2018 02:45:20] PayPal\Core\PayPalHttpConnection : INFO: Invalid or no certificate authority found - Retrying using bundled CA certs file
[28-01-2018 02:45:21] PayPal\Core\PayPalHttpConnection : INFO: Response Status 	: 400
[28-01-2018 02:45:21] PayPal\Core\PayPalHttpConnection : ERROR: Got Http response code 400 when accessing https://api.sandbox.paypal.com/v1/payments/payment/PAY-7JF407842J494592GLJWTRIQ/execute. {"name":"PAYMENT_ALREADY_DONE","message":"Payment has been done already for this cart.","information_link":"https://developer.paypal.com/docs/api/payments/#errors","debug_id":"60e4d33a1e2ab"}
[28-01-2018 02:46:46] PayPal\Core\PayPalHttpConnection : INFO: POST https://api.sandbox.paypal.com/v1/oauth2/token
[28-01-2018 02:46:48] PayPal\Core\PayPalHttpConnection : INFO: Invalid or no certificate authority found - Retrying using bundled CA certs file
[28-01-2018 02:46:49] PayPal\Core\PayPalHttpConnection : INFO: Response Status 	: 200
[28-01-2018 02:46:49] PayPal\Core\PayPalHttpConnection : INFO: POST https://api.sandbox.paypal.com/v1/payments/payment
[28-01-2018 02:46:49] PayPal\Core\PayPalHttpConnection : INFO: Invalid or no certificate authority found - Retrying using bundled CA certs file
[28-01-2018 02:46:51] PayPal\Core\PayPalHttpConnection : INFO: Response Status 	: 201
[28-01-2018 02:47:21] PayPal\Core\PayPalHttpConnection : INFO: POST https://api.sandbox.paypal.com/v1/oauth2/token
[28-01-2018 02:47:22] PayPal\Core\PayPalHttpConnection : INFO: Invalid or no certificate authority found - Retrying using bundled CA certs file
[28-01-2018 02:47:24] PayPal\Core\PayPalHttpConnection : INFO: Response Status 	: 200
[28-01-2018 02:47:24] PayPal\Core\PayPalHttpConnection : INFO: GET https://api.sandbox.paypal.com/v1/payments/payment/PAY-5NP84033UT824722HLJWTTGY
[28-01-2018 02:47:25] PayPal\Core\PayPalHttpConnection : INFO: Invalid or no certificate authority found - Retrying using bundled CA certs file
[28-01-2018 02:47:26] PayPal\Core\PayPalHttpConnection : INFO: Response Status 	: 200
[28-01-2018 02:47:26] PayPal\Core\PayPalHttpConnection : INFO: POST https://api.sandbox.paypal.com/v1/payments/payment/PAY-5NP84033UT824722HLJWTTGY/execute
[28-01-2018 02:47:27] PayPal\Core\PayPalHttpConnection : INFO: Invalid or no certificate authority found - Retrying using bundled CA certs file
[28-01-2018 02:47:29] PayPal\Core\PayPalHttpConnection : INFO: Response Status 	: 200
[28-01-2018 03:18:33] PayPal\Core\PayPalHttpConnection : INFO: POST https://api.sandbox.paypal.com/v1/oauth2/token
[28-01-2018 03:18:36] PayPal\Core\PayPalHttpConnection : INFO: Invalid or no certificate authority found - Retrying using bundled CA certs file
[28-01-2018 03:18:38] PayPal\Core\PayPalHttpConnection : INFO: Response Status 	: 200
[28-01-2018 03:18:38] PayPal\Core\PayPalHttpConnection : INFO: POST https://api.sandbox.paypal.com/v1/payments/payment
[28-01-2018 03:18:39] PayPal\Core\PayPalHttpConnection : INFO: Invalid or no certificate authority found - Retrying using bundled CA certs file
[28-01-2018 03:18:42] PayPal\Core\PayPalHttpConnection : INFO: Response Status 	: 201
[28-01-2018 03:19:14] PayPal\Core\PayPalHttpConnection : INFO: POST https://api.sandbox.paypal.com/v1/oauth2/token
[28-01-2018 03:19:15] PayPal\Core\PayPalHttpConnection : INFO: Invalid or no certificate authority found - Retrying using bundled CA certs file
[28-01-2018 03:19:16] PayPal\Core\PayPalHttpConnection : INFO: Response Status 	: 200
[28-01-2018 03:19:16] PayPal\Core\PayPalHttpConnection : INFO: GET https://api.sandbox.paypal.com/v1/payments/payment/PAY-2XA12445T05288936LJWUCEY
[28-01-2018 03:19:17] PayPal\Core\PayPalHttpConnection : INFO: Invalid or no certificate authority found - Retrying using bundled CA certs file
[28-01-2018 03:19:18] PayPal\Core\PayPalHttpConnection : INFO: Response Status 	: 200
[28-01-2018 03:19:18] PayPal\Core\PayPalHttpConnection : INFO: POST https://api.sandbox.paypal.com/v1/payments/payment/PAY-2XA12445T05288936LJWUCEY/execute
[28-01-2018 03:19:18] PayPal\Core\PayPalHttpConnection : INFO: Invalid or no certificate authority found - Retrying using bundled CA certs file
[28-01-2018 03:19:20] PayPal\Core\PayPalHttpConnection : INFO: Response Status 	: 200
[28-01-2018 03:20:31] PayPal\Core\PayPalHttpConnection : INFO: POST https://api.sandbox.paypal.com/v1/oauth2/token
[28-01-2018 03:20:33] PayPal\Core\PayPalHttpConnection : INFO: Invalid or no certificate authority found - Retrying using bundled CA certs file
[28-01-2018 03:20:34] PayPal\Core\PayPalHttpConnection : INFO: Response Status 	: 200
[28-01-2018 03:20:34] PayPal\Core\PayPalHttpConnection : INFO: POST https://api.sandbox.paypal.com/v1/payments/payment
[28-01-2018 03:20:35] PayPal\Core\PayPalHttpConnection : INFO: Invalid or no certificate authority found - Retrying using bundled CA certs file
[28-01-2018 03:20:36] PayPal\Core\PayPalHttpConnection : INFO: Response Status 	: 201
[28-01-2018 03:21:18] PayPal\Core\PayPalHttpConnection : INFO: POST https://api.sandbox.paypal.com/v1/oauth2/token
[28-01-2018 03:21:19] PayPal\Core\PayPalHttpConnection : INFO: Invalid or no certificate authority found - Retrying using bundled CA certs file
[28-01-2018 03:21:20] PayPal\Core\PayPalHttpConnection : INFO: Response Status 	: 200
[28-01-2018 03:21:20] PayPal\Core\PayPalHttpConnection : INFO: GET https://api.sandbox.paypal.com/v1/payments/payment/PAY-0V5736612J679044ALJWUDBA
[28-01-2018 03:21:21] PayPal\Core\PayPalHttpConnection : INFO: Invalid or no certificate authority found - Retrying using bundled CA certs file
[28-01-2018 03:21:22] PayPal\Core\PayPalHttpConnection : INFO: Response Status 	: 200
[28-01-2018 03:21:22] PayPal\Core\PayPalHttpConnection : INFO: POST https://api.sandbox.paypal.com/v1/payments/payment/PAY-0V5736612J679044ALJWUDBA/execute
[28-01-2018 03:21:22] PayPal\Core\PayPalHttpConnection : INFO: Invalid or no certificate authority found - Retrying using bundled CA certs file
[28-01-2018 03:21:24] PayPal\Core\PayPalHttpConnection : INFO: Response Status 	: 200
[28-01-2018 03:23:27] PayPal\Core\PayPalHttpConnection : INFO: POST https://api.sandbox.paypal.com/v1/oauth2/token
[28-01-2018 03:23:30] PayPal\Core\PayPalHttpConnection : INFO: Invalid or no certificate authority found - Retrying using bundled CA certs file
[28-01-2018 03:23:31] PayPal\Core\PayPalHttpConnection : INFO: Response Status 	: 200
[28-01-2018 03:23:31] PayPal\Core\PayPalHttpConnection : INFO: GET https://api.sandbox.paypal.com/v1/payments/payment/PAY-0V5736612J679044ALJWUDBA
[28-01-2018 03:23:31] PayPal\Core\PayPalHttpConnection : INFO: Invalid or no certificate authority found - Retrying using bundled CA certs file
[28-01-2018 03:23:33] PayPal\Core\PayPalHttpConnection : INFO: Response Status 	: 200
[28-01-2018 03:23:33] PayPal\Core\PayPalHttpConnection : INFO: POST https://api.sandbox.paypal.com/v1/payments/payment/PAY-0V5736612J679044ALJWUDBA/execute
[28-01-2018 03:23:33] PayPal\Core\PayPalHttpConnection : INFO: Invalid or no certificate authority found - Retrying using bundled CA certs file
[28-01-2018 03:23:34] PayPal\Core\PayPalHttpConnection : INFO: Response Status 	: 400
[28-01-2018 03:23:34] PayPal\Core\PayPalHttpConnection : ERROR: Got Http response code 400 when accessing https://api.sandbox.paypal.com/v1/payments/payment/PAY-0V5736612J679044ALJWUDBA/execute. {"name":"PAYMENT_ALREADY_DONE","message":"Payment has been done already for this cart.","information_link":"https://developer.paypal.com/docs/api/payments/#errors","debug_id":"1ad3513e0c06"}
[28-01-2018 03:23:59] PayPal\Core\PayPalHttpConnection : INFO: POST https://api.sandbox.paypal.com/v1/oauth2/token
[28-01-2018 03:24:03] PayPal\Core\PayPalHttpConnection : INFO: Invalid or no certificate authority found - Retrying using bundled CA certs file
[28-01-2018 03:24:04] PayPal\Core\PayPalHttpConnection : INFO: Response Status 	: 200
[28-01-2018 03:24:04] PayPal\Core\PayPalHttpConnection : INFO: POST https://api.sandbox.paypal.com/v1/payments/payment
[28-01-2018 03:24:04] PayPal\Core\PayPalHttpConnection : INFO: Invalid or no certificate authority found - Retrying using bundled CA certs file
[28-01-2018 03:24:05] PayPal\Core\PayPalHttpConnection : INFO: Response Status 	: 201
[28-01-2018 03:24:34] PayPal\Core\PayPalHttpConnection : INFO: POST https://api.sandbox.paypal.com/v1/oauth2/token
[28-01-2018 03:24:34] PayPal\Core\PayPalHttpConnection : INFO: Invalid or no certificate authority found - Retrying using bundled CA certs file
[28-01-2018 03:24:35] PayPal\Core\PayPalHttpConnection : INFO: Response Status 	: 200
[28-01-2018 03:24:35] PayPal\Core\PayPalHttpConnection : INFO: GET https://api.sandbox.paypal.com/v1/payments/payment/PAY-5UX49162A3491690YLJWUEVQ
[28-01-2018 03:24:36] PayPal\Core\PayPalHttpConnection : INFO: Invalid or no certificate authority found - Retrying using bundled CA certs file
[28-01-2018 03:24:37] PayPal\Core\PayPalHttpConnection : INFO: Response Status 	: 200
[28-01-2018 03:24:37] PayPal\Core\PayPalHttpConnection : INFO: POST https://api.sandbox.paypal.com/v1/payments/payment/PAY-5UX49162A3491690YLJWUEVQ/execute
[28-01-2018 03:24:37] PayPal\Core\PayPalHttpConnection : INFO: Invalid or no certificate authority found - Retrying using bundled CA certs file
[28-01-2018 03:24:39] PayPal\Core\PayPalHttpConnection : INFO: Response Status 	: 200
[28-01-2018 03:25:12] PayPal\Core\PayPalHttpConnection : INFO: POST https://api.sandbox.paypal.com/v1/oauth2/token
[28-01-2018 03:25:12] PayPal\Core\PayPalHttpConnection : INFO: Invalid or no certificate authority found - Retrying using bundled CA certs file
[28-01-2018 03:25:14] PayPal\Core\PayPalHttpConnection : INFO: Response Status 	: 200
[28-01-2018 03:25:14] PayPal\Core\PayPalHttpConnection : INFO: POST https://api.sandbox.paypal.com/v1/payments/payment
[28-01-2018 03:25:14] PayPal\Core\PayPalHttpConnection : INFO: Invalid or no certificate authority found - Retrying using bundled CA certs file
[28-01-2018 03:25:15] PayPal\Core\PayPalHttpConnection : INFO: Response Status 	: 201
[28-01-2018 03:25:48] PayPal\Core\PayPalHttpConnection : INFO: POST https://api.sandbox.paypal.com/v1/oauth2/token
[28-01-2018 03:25:48] PayPal\Core\PayPalHttpConnection : INFO: Invalid or no certificate authority found - Retrying using bundled CA certs file
[28-01-2018 03:25:49] PayPal\Core\PayPalHttpConnection : INFO: Response Status 	: 200
[28-01-2018 03:25:49] PayPal\Core\PayPalHttpConnection : INFO: GET https://api.sandbox.paypal.com/v1/payments/payment/PAY-76373615AH9183815LJWUFHA
[28-01-2018 03:25:50] PayPal\Core\PayPalHttpConnection : INFO: Invalid or no certificate authority found - Retrying using bundled CA certs file
[28-01-2018 03:25:51] PayPal\Core\PayPalHttpConnection : INFO: Response Status 	: 200
[28-01-2018 03:25:51] PayPal\Core\PayPalHttpConnection : INFO: POST https://api.sandbox.paypal.com/v1/payments/payment/PAY-76373615AH9183815LJWUFHA/execute
[28-01-2018 03:25:52] PayPal\Core\PayPalHttpConnection : INFO: Invalid or no certificate authority found - Retrying using bundled CA certs file
[28-01-2018 03:25:54] PayPal\Core\PayPalHttpConnection : INFO: Response Status 	: 200
[28-01-2018 03:28:09] PayPal\Core\PayPalHttpConnection : INFO: POST https://api.sandbox.paypal.com/v1/oauth2/token
[28-01-2018 03:28:12] PayPal\Core\PayPalHttpConnection : INFO: Invalid or no certificate authority found - Retrying using bundled CA certs file
[28-01-2018 03:28:13] PayPal\Core\PayPalHttpConnection : INFO: Response Status 	: 200
[28-01-2018 03:28:13] PayPal\Core\PayPalHttpConnection : INFO: POST https://api.sandbox.paypal.com/v1/payments/payment
[28-01-2018 03:28:13] PayPal\Core\PayPalHttpConnection : INFO: Invalid or no certificate authority found - Retrying using bundled CA certs file
[28-01-2018 03:28:14] PayPal\Core\PayPalHttpConnection : INFO: Response Status 	: 201
[28-01-2018 03:28:44] PayPal\Core\PayPalHttpConnection : INFO: POST https://api.sandbox.paypal.com/v1/oauth2/token
[28-01-2018 03:28:45] PayPal\Core\PayPalHttpConnection : INFO: Invalid or no certificate authority found - Retrying using bundled CA certs file
[28-01-2018 03:28:46] PayPal\Core\PayPalHttpConnection : INFO: Response Status 	: 200
[28-01-2018 03:28:46] PayPal\Core\PayPalHttpConnection : INFO: GET https://api.sandbox.paypal.com/v1/payments/payment/PAY-2N968626F2048844NLJWUGTY
[28-01-2018 03:28:47] PayPal\Core\PayPalHttpConnection : INFO: Invalid or no certificate authority found - Retrying using bundled CA certs file
[28-01-2018 03:28:48] PayPal\Core\PayPalHttpConnection : INFO: Response Status 	: 200
[28-01-2018 03:28:48] PayPal\Core\PayPalHttpConnection : INFO: POST https://api.sandbox.paypal.com/v1/payments/payment/PAY-2N968626F2048844NLJWUGTY/execute
[28-01-2018 03:28:48] PayPal\Core\PayPalHttpConnection : INFO: Invalid or no certificate authority found - Retrying using bundled CA certs file
[28-01-2018 03:28:50] PayPal\Core\PayPalHttpConnection : INFO: Response Status 	: 200
[28-01-2018 03:51:54] PayPal\Core\PayPalHttpConnection : INFO: POST https://api.sandbox.paypal.com/v1/oauth2/token
[28-01-2018 03:51:57] PayPal\Core\PayPalHttpConnection : INFO: Invalid or no certificate authority found - Retrying using bundled CA certs file
[28-01-2018 03:51:59] PayPal\Core\PayPalHttpConnection : INFO: Response Status 	: 200
[28-01-2018 03:51:59] PayPal\Core\PayPalHttpConnection : INFO: POST https://api.sandbox.paypal.com/v1/payments/payment
[28-01-2018 03:52:00] PayPal\Core\PayPalHttpConnection : INFO: Invalid or no certificate authority found - Retrying using bundled CA certs file
[28-01-2018 03:52:03] PayPal\Core\PayPalHttpConnection : INFO: Response Status 	: 201
[28-01-2018 03:52:39] PayPal\Core\PayPalHttpConnection : INFO: POST https://api.sandbox.paypal.com/v1/oauth2/token
[28-01-2018 03:52:40] PayPal\Core\PayPalHttpConnection : INFO: Invalid or no certificate authority found - Retrying using bundled CA certs file
[28-01-2018 03:52:41] PayPal\Core\PayPalHttpConnection : INFO: Response Status 	: 200
[28-01-2018 03:52:41] PayPal\Core\PayPalHttpConnection : INFO: GET https://api.sandbox.paypal.com/v1/payments/payment/PAY-71N11598MD267510CLJWURYY
[28-01-2018 03:52:41] PayPal\Core\PayPalHttpConnection : INFO: Invalid or no certificate authority found - Retrying using bundled CA certs file
[28-01-2018 03:52:42] PayPal\Core\PayPalHttpConnection : INFO: Response Status 	: 200
[28-01-2018 03:52:43] PayPal\Core\PayPalHttpConnection : INFO: POST https://api.sandbox.paypal.com/v1/payments/payment/PAY-71N11598MD267510CLJWURYY/execute
[28-01-2018 03:52:43] PayPal\Core\PayPalHttpConnection : INFO: Invalid or no certificate authority found - Retrying using bundled CA certs file
[28-01-2018 03:52:45] PayPal\Core\PayPalHttpConnection : INFO: Response Status 	: 200
[28-01-2018 03:53:08] PayPal\Core\PayPalHttpConnection : INFO: POST https://api.sandbox.paypal.com/v1/oauth2/token
[28-01-2018 03:53:10] PayPal\Core\PayPalHttpConnection : INFO: Invalid or no certificate authority found - Retrying using bundled CA certs file
[28-01-2018 03:53:11] PayPal\Core\PayPalHttpConnection : INFO: Response Status 	: 200
[28-01-2018 03:53:11] PayPal\Core\PayPalHttpConnection : INFO: GET https://api.sandbox.paypal.com/v1/payments/payment/PAY-71N11598MD267510CLJWURYY
[28-01-2018 03:53:11] PayPal\Core\PayPalHttpConnection : INFO: Invalid or no certificate authority found - Retrying using bundled CA certs file
[28-01-2018 03:53:13] PayPal\Core\PayPalHttpConnection : INFO: Response Status 	: 200
[28-01-2018 03:53:13] PayPal\Core\PayPalHttpConnection : INFO: POST https://api.sandbox.paypal.com/v1/payments/payment/PAY-71N11598MD267510CLJWURYY/execute
[28-01-2018 03:53:13] PayPal\Core\PayPalHttpConnection : INFO: Invalid or no certificate authority found - Retrying using bundled CA certs file
[28-01-2018 03:53:14] PayPal\Core\PayPalHttpConnection : INFO: Response Status 	: 400
[28-01-2018 03:53:14] PayPal\Core\PayPalHttpConnection : ERROR: Got Http response code 400 when accessing https://api.sandbox.paypal.com/v1/payments/payment/PAY-71N11598MD267510CLJWURYY/execute. {"name":"PAYMENT_ALREADY_DONE","message":"Payment has been done already for this cart.","information_link":"https://developer.paypal.com/docs/api/payments/#errors","debug_id":"cb24b03ee1810"}
[28-01-2018 03:53:37] PayPal\Core\PayPalHttpConnection : INFO: POST https://api.sandbox.paypal.com/v1/oauth2/token
[28-01-2018 03:53:39] PayPal\Core\PayPalHttpConnection : INFO: Invalid or no certificate authority found - Retrying using bundled CA certs file
[28-01-2018 03:53:40] PayPal\Core\PayPalHttpConnection : INFO: Response Status 	: 200
[28-01-2018 03:53:40] PayPal\Core\PayPalHttpConnection : INFO: POST https://api.sandbox.paypal.com/v1/payments/payment
[28-01-2018 03:53:41] PayPal\Core\PayPalHttpConnection : INFO: Invalid or no certificate authority found - Retrying using bundled CA certs file
[28-01-2018 03:53:42] PayPal\Core\PayPalHttpConnection : INFO: Response Status 	: 201
[28-01-2018 03:54:10] PayPal\Core\PayPalHttpConnection : INFO: POST https://api.sandbox.paypal.com/v1/oauth2/token
[28-01-2018 03:54:10] PayPal\Core\PayPalHttpConnection : INFO: Invalid or no certificate authority found - Retrying using bundled CA certs file
[28-01-2018 03:54:12] PayPal\Core\PayPalHttpConnection : INFO: Response Status 	: 200
[28-01-2018 03:54:12] PayPal\Core\PayPalHttpConnection : INFO: GET https://api.sandbox.paypal.com/v1/payments/payment/PAY-3TD34823R3461081NLJWUSRY
[28-01-2018 03:54:12] PayPal\Core\PayPalHttpConnection : INFO: Invalid or no certificate authority found - Retrying using bundled CA certs file
[28-01-2018 03:54:13] PayPal\Core\PayPalHttpConnection : INFO: Response Status 	: 200
[28-01-2018 03:54:13] PayPal\Core\PayPalHttpConnection : INFO: POST https://api.sandbox.paypal.com/v1/payments/payment/PAY-3TD34823R3461081NLJWUSRY/execute
[28-01-2018 03:54:13] PayPal\Core\PayPalHttpConnection : INFO: Invalid or no certificate authority found - Retrying using bundled CA certs file
[28-01-2018 03:54:15] PayPal\Core\PayPalHttpConnection : INFO: Response Status 	: 200
[28-01-2018 03:59:03] PayPal\Core\PayPalHttpConnection : INFO: POST https://api.sandbox.paypal.com/v1/oauth2/token
[28-01-2018 03:59:08] PayPal\Core\PayPalHttpConnection : INFO: Invalid or no certificate authority found - Retrying using bundled CA certs file
[28-01-2018 03:59:10] PayPal\Core\PayPalHttpConnection : INFO: Response Status 	: 200
[28-01-2018 03:59:10] PayPal\Core\PayPalHttpConnection : INFO: POST https://api.sandbox.paypal.com/v1/payments/payment
[28-01-2018 03:59:11] PayPal\Core\PayPalHttpConnection : INFO: Invalid or no certificate authority found - Retrying using bundled CA certs file
[28-01-2018 03:59:13] PayPal\Core\PayPalHttpConnection : INFO: Response Status 	: 201
[28-01-2018 03:59:38] PayPal\Core\PayPalHttpConnection : INFO: POST https://api.sandbox.paypal.com/v1/oauth2/token
[28-01-2018 03:59:38] PayPal\Core\PayPalHttpConnection : INFO: Invalid or no certificate authority found - Retrying using bundled CA certs file
[28-01-2018 03:59:39] PayPal\Core\PayPalHttpConnection : INFO: Response Status 	: 200
[28-01-2018 03:59:39] PayPal\Core\PayPalHttpConnection : INFO: GET https://api.sandbox.paypal.com/v1/payments/payment/PAY-9CN252190V889160TLJWUVEI
[28-01-2018 03:59:40] PayPal\Core\PayPalHttpConnection : INFO: Invalid or no certificate authority found - Retrying using bundled CA certs file
[28-01-2018 03:59:42] PayPal\Core\PayPalHttpConnection : INFO: Response Status 	: 200
[28-01-2018 03:59:42] PayPal\Core\PayPalHttpConnection : INFO: POST https://api.sandbox.paypal.com/v1/payments/payment/PAY-9CN252190V889160TLJWUVEI/execute
[28-01-2018 03:59:43] PayPal\Core\PayPalHttpConnection : INFO: Invalid or no certificate authority found - Retrying using bundled CA certs file
[28-01-2018 03:59:46] PayPal\Core\PayPalHttpConnection : INFO: Response Status 	: 200
[28-01-2018 04:04:31] PayPal\Core\PayPalHttpConnection : INFO: POST https://api.sandbox.paypal.com/v1/oauth2/token
[28-01-2018 04:04:33] PayPal\Core\PayPalHttpConnection : INFO: Invalid or no certificate authority found - Retrying using bundled CA certs file
[28-01-2018 04:04:38] PayPal\Core\PayPalHttpConnection : INFO: Response Status 	: 200
[28-01-2018 04:04:38] PayPal\Core\PayPalHttpConnection : INFO: POST https://api.sandbox.paypal.com/v1/payments/payment
[28-01-2018 04:04:41] PayPal\Core\PayPalHttpConnection : INFO: Invalid or no certificate authority found - Retrying using bundled CA certs file
[28-01-2018 04:04:44] PayPal\Core\PayPalHttpConnection : INFO: Response Status 	: 201
[28-01-2018 04:08:22] PayPal\Core\PayPalHttpConnection : INFO: POST https://api.sandbox.paypal.com/v1/oauth2/token
[28-01-2018 04:08:22] PayPal\Core\PayPalHttpConnection : INFO: Invalid or no certificate authority found - Retrying using bundled CA certs file
[28-01-2018 04:08:23] PayPal\Core\PayPalHttpConnection : INFO: Response Status 	: 200
[28-01-2018 04:08:23] PayPal\Core\PayPalHttpConnection : INFO: GET https://api.sandbox.paypal.com/v1/payments/payment/PAY-1XX49569CD094573SLJWUXXA
[28-01-2018 04:08:24] PayPal\Core\PayPalHttpConnection : INFO: Invalid or no certificate authority found - Retrying using bundled CA certs file
[28-01-2018 04:08:25] PayPal\Core\PayPalHttpConnection : INFO: Response Status 	: 200
[28-01-2018 04:08:25] PayPal\Core\PayPalHttpConnection : INFO: POST https://api.sandbox.paypal.com/v1/payments/payment/PAY-1XX49569CD094573SLJWUXXA/execute
[28-01-2018 04:08:25] PayPal\Core\PayPalHttpConnection : INFO: Invalid or no certificate authority found - Retrying using bundled CA certs file
[28-01-2018 04:08:27] PayPal\Core\PayPalHttpConnection : INFO: Response Status 	: 200
[28-01-2018 02:08:28] PayPal\Core\PayPalHttpConnection : INFO: POST https://api.sandbox.paypal.com/v1/oauth2/token
[28-01-2018 02:08:32] PayPal\Core\PayPalHttpConnection : INFO: Invalid or no certificate authority found - Retrying using bundled CA certs file
[28-01-2018 02:08:34] PayPal\Core\PayPalHttpConnection : INFO: Response Status 	: 200
[28-01-2018 02:08:34] PayPal\Core\PayPalHttpConnection : INFO: POST https://api.sandbox.paypal.com/v1/payments/payment
[28-01-2018 02:08:35] PayPal\Core\PayPalHttpConnection : INFO: Invalid or no certificate authority found - Retrying using bundled CA certs file
[28-01-2018 02:08:37] PayPal\Core\PayPalHttpConnection : INFO: Response Status 	: 201
[28-01-2018 02:09:16] PayPal\Core\PayPalHttpConnection : INFO: POST https://api.sandbox.paypal.com/v1/oauth2/token
[28-01-2018 02:09:16] PayPal\Core\PayPalHttpConnection : INFO: Invalid or no certificate authority found - Retrying using bundled CA certs file
[28-01-2018 02:09:17] PayPal\Core\PayPalHttpConnection : INFO: Response Status 	: 200
[28-01-2018 02:09:17] PayPal\Core\PayPalHttpConnection : INFO: GET https://api.sandbox.paypal.com/v1/payments/payment/PAY-1T757510ER994773SLJW5SZQ
[28-01-2018 02:09:18] PayPal\Core\PayPalHttpConnection : INFO: Invalid or no certificate authority found - Retrying using bundled CA certs file
[28-01-2018 02:09:19] PayPal\Core\PayPalHttpConnection : INFO: Response Status 	: 200
[28-01-2018 02:09:19] PayPal\Core\PayPalHttpConnection : INFO: POST https://api.sandbox.paypal.com/v1/payments/payment/PAY-1T757510ER994773SLJW5SZQ/execute
[28-01-2018 02:09:19] PayPal\Core\PayPalHttpConnection : INFO: Invalid or no certificate authority found - Retrying using bundled CA certs file
[28-01-2018 02:09:21] PayPal\Core\PayPalHttpConnection : INFO: Response Status 	: 200
[28-01-2018 02:10:00] PayPal\Core\PayPalHttpConnection : INFO: POST https://api.sandbox.paypal.com/v1/oauth2/token
[28-01-2018 02:10:03] PayPal\Core\PayPalHttpConnection : INFO: Invalid or no certificate authority found - Retrying using bundled CA certs file
[28-01-2018 02:10:04] PayPal\Core\PayPalHttpConnection : INFO: Response Status 	: 200
[28-01-2018 02:10:04] PayPal\Core\PayPalHttpConnection : INFO: POST https://api.sandbox.paypal.com/v1/payments/payment
[28-01-2018 02:10:05] PayPal\Core\PayPalHttpConnection : INFO: Invalid or no certificate authority found - Retrying using bundled CA certs file
[28-01-2018 02:10:06] PayPal\Core\PayPalHttpConnection : INFO: Response Status 	: 201
[28-01-2018 02:10:27] PayPal\Core\PayPalHttpConnection : INFO: POST https://api.sandbox.paypal.com/v1/oauth2/token
[28-01-2018 02:10:27] PayPal\Core\PayPalHttpConnection : INFO: Invalid or no certificate authority found - Retrying using bundled CA certs file
[28-01-2018 02:10:28] PayPal\Core\PayPalHttpConnection : INFO: Response Status 	: 200
[28-01-2018 02:10:28] PayPal\Core\PayPalHttpConnection : INFO: GET https://api.sandbox.paypal.com/v1/payments/payment/PAY-5S69719203561224XLJW5TPY
[28-01-2018 02:10:29] PayPal\Core\PayPalHttpConnection : INFO: Invalid or no certificate authority found - Retrying using bundled CA certs file
[28-01-2018 02:10:30] PayPal\Core\PayPalHttpConnection : INFO: Response Status 	: 200
[28-01-2018 02:10:30] PayPal\Core\PayPalHttpConnection : INFO: POST https://api.sandbox.paypal.com/v1/payments/payment/PAY-5S69719203561224XLJW5TPY/execute
[28-01-2018 02:10:31] PayPal\Core\PayPalHttpConnection : INFO: Invalid or no certificate authority found - Retrying using bundled CA certs file
[28-01-2018 02:10:33] PayPal\Core\PayPalHttpConnection : INFO: Response Status 	: 200
[28-01-2018 02:13:32] PayPal\Core\PayPalHttpConnection : INFO: POST https://api.sandbox.paypal.com/v1/oauth2/token
[28-01-2018 02:13:36] PayPal\Core\PayPalHttpConnection : INFO: Invalid or no certificate authority found - Retrying using bundled CA certs file
[28-01-2018 02:13:38] PayPal\Core\PayPalHttpConnection : INFO: Response Status 	: 200
[28-01-2018 02:13:38] PayPal\Core\PayPalHttpConnection : INFO: GET https://api.sandbox.paypal.com/v1/payments/payment/PAY-5S69719203561224XLJW5TPY
[28-01-2018 02:13:38] PayPal\Core\PayPalHttpConnection : INFO: Invalid or no certificate authority found - Retrying using bundled CA certs file
[28-01-2018 02:13:39] PayPal\Core\PayPalHttpConnection : INFO: Response Status 	: 200
[28-01-2018 02:13:40] PayPal\Core\PayPalHttpConnection : INFO: POST https://api.sandbox.paypal.com/v1/payments/payment/PAY-5S69719203561224XLJW5TPY/execute
[28-01-2018 02:13:40] PayPal\Core\PayPalHttpConnection : INFO: Invalid or no certificate authority found - Retrying using bundled CA certs file
[28-01-2018 02:13:42] PayPal\Core\PayPalHttpConnection : INFO: Response Status 	: 400
[28-01-2018 02:13:42] PayPal\Core\PayPalHttpConnection : ERROR: Got Http response code 400 when accessing https://api.sandbox.paypal.com/v1/payments/payment/PAY-5S69719203561224XLJW5TPY/execute. {"name":"PAYMENT_ALREADY_DONE","message":"Payment has been done already for this cart.","information_link":"https://developer.paypal.com/docs/api/payments/#errors","debug_id":"a0b523817221"}
[28-01-2018 02:15:38] PayPal\Core\PayPalHttpConnection : INFO: POST https://api.sandbox.paypal.com/v1/oauth2/token
[28-01-2018 02:15:41] PayPal\Core\PayPalHttpConnection : INFO: Invalid or no certificate authority found - Retrying using bundled CA certs file
[28-01-2018 02:15:42] PayPal\Core\PayPalHttpConnection : INFO: Response Status 	: 200
[28-01-2018 02:15:42] PayPal\Core\PayPalHttpConnection : INFO: POST https://api.sandbox.paypal.com/v1/payments/payment
[28-01-2018 02:15:42] PayPal\Core\PayPalHttpConnection : INFO: Invalid or no certificate authority found - Retrying using bundled CA certs file
[28-01-2018 02:15:44] PayPal\Core\PayPalHttpConnection : INFO: Response Status 	: 201
[28-01-2018 02:16:08] PayPal\Core\PayPalHttpConnection : INFO: POST https://api.sandbox.paypal.com/v1/oauth2/token
[28-01-2018 02:16:10] PayPal\Core\PayPalHttpConnection : INFO: Invalid or no certificate authority found - Retrying using bundled CA certs file
[28-01-2018 02:16:12] PayPal\Core\PayPalHttpConnection : INFO: Response Status 	: 200
[28-01-2018 02:16:12] PayPal\Core\PayPalHttpConnection : INFO: GET https://api.sandbox.paypal.com/v1/payments/payment/PAY-5XK17668N22480301LJW5WEI
[28-01-2018 02:16:13] PayPal\Core\PayPalHttpConnection : INFO: Invalid or no certificate authority found - Retrying using bundled CA certs file
[28-01-2018 02:16:15] PayPal\Core\PayPalHttpConnection : INFO: Response Status 	: 200
[28-01-2018 02:16:15] PayPal\Core\PayPalHttpConnection : INFO: POST https://api.sandbox.paypal.com/v1/payments/payment/PAY-5XK17668N22480301LJW5WEI/execute
[28-01-2018 02:16:16] PayPal\Core\PayPalHttpConnection : INFO: Invalid or no certificate authority found - Retrying using bundled CA certs file
[28-01-2018 02:16:19] PayPal\Core\PayPalHttpConnection : INFO: Response Status 	: 200
[28-01-2018 02:17:52] PayPal\Core\PayPalHttpConnection : INFO: POST https://api.sandbox.paypal.com/v1/oauth2/token
[28-01-2018 02:17:53] PayPal\Core\PayPalHttpConnection : INFO: Invalid or no certificate authority found - Retrying using bundled CA certs file
[28-01-2018 02:17:55] PayPal\Core\PayPalHttpConnection : INFO: Response Status 	: 200
[28-01-2018 02:17:55] PayPal\Core\PayPalHttpConnection : INFO: POST https://api.sandbox.paypal.com/v1/payments/payment
[28-01-2018 02:17:56] PayPal\Core\PayPalHttpConnection : INFO: Invalid or no certificate authority found - Retrying using bundled CA certs file
[28-01-2018 02:17:59] PayPal\Core\PayPalHttpConnection : INFO: Response Status 	: 201
[28-01-2018 02:18:25] PayPal\Core\PayPalHttpConnection : INFO: POST https://api.sandbox.paypal.com/v1/oauth2/token
[28-01-2018 02:18:25] PayPal\Core\PayPalHttpConnection : INFO: Invalid or no certificate authority found - Retrying using bundled CA certs file
[28-01-2018 02:18:27] PayPal\Core\PayPalHttpConnection : INFO: Response Status 	: 200
[28-01-2018 02:18:27] PayPal\Core\PayPalHttpConnection : INFO: GET https://api.sandbox.paypal.com/v1/payments/payment/PAY-76014310AK992274GLJW5XGA
[28-01-2018 02:18:27] PayPal\Core\PayPalHttpConnection : INFO: Invalid or no certificate authority found - Retrying using bundled CA certs file
[28-01-2018 02:18:28] PayPal\Core\PayPalHttpConnection : INFO: Response Status 	: 200
[28-01-2018 02:18:28] PayPal\Core\PayPalHttpConnection : INFO: POST https://api.sandbox.paypal.com/v1/payments/payment/PAY-76014310AK992274GLJW5XGA/execute
[28-01-2018 02:18:29] PayPal\Core\PayPalHttpConnection : INFO: Invalid or no certificate authority found - Retrying using bundled CA certs file
[28-01-2018 02:18:31] PayPal\Core\PayPalHttpConnection : INFO: Response Status 	: 200
[28-01-2018 02:20:14] PayPal\Core\PayPalHttpConnection : INFO: POST https://api.sandbox.paypal.com/v1/oauth2/token
[28-01-2018 02:20:17] PayPal\Core\PayPalHttpConnection : INFO: Invalid or no certificate authority found - Retrying using bundled CA certs file
[28-01-2018 02:20:18] PayPal\Core\PayPalHttpConnection : INFO: Response Status 	: 200
[28-01-2018 02:20:18] PayPal\Core\PayPalHttpConnection : INFO: POST https://api.sandbox.paypal.com/v1/payments/payment
[28-01-2018 02:20:19] PayPal\Core\PayPalHttpConnection : INFO: Invalid or no certificate authority found - Retrying using bundled CA certs file
[28-01-2018 02:20:21] PayPal\Core\PayPalHttpConnection : INFO: Response Status 	: 201
[28-01-2018 02:20:43] PayPal\Core\PayPalHttpConnection : INFO: POST https://api.sandbox.paypal.com/v1/oauth2/token
[28-01-2018 02:20:44] PayPal\Core\PayPalHttpConnection : INFO: Invalid or no certificate authority found - Retrying using bundled CA certs file
[28-01-2018 02:20:45] PayPal\Core\PayPalHttpConnection : INFO: Response Status 	: 200
[28-01-2018 02:20:45] PayPal\Core\PayPalHttpConnection : INFO: GET https://api.sandbox.paypal.com/v1/payments/payment/PAY-6KT22952L4427693ALJW5YJQ
[28-01-2018 02:20:46] PayPal\Core\PayPalHttpConnection : INFO: Invalid or no certificate authority found - Retrying using bundled CA certs file
[28-01-2018 02:20:47] PayPal\Core\PayPalHttpConnection : INFO: Response Status 	: 200
[28-01-2018 02:20:47] PayPal\Core\PayPalHttpConnection : INFO: POST https://api.sandbox.paypal.com/v1/payments/payment/PAY-6KT22952L4427693ALJW5YJQ/execute
[28-01-2018 02:20:48] PayPal\Core\PayPalHttpConnection : INFO: Invalid or no certificate authority found - Retrying using bundled CA certs file
[28-01-2018 02:20:50] PayPal\Core\PayPalHttpConnection : INFO: Response Status 	: 200
[28-01-2018 02:21:50] PayPal\Core\PayPalHttpConnection : INFO: POST https://api.sandbox.paypal.com/v1/oauth2/token
[28-01-2018 02:21:53] PayPal\Core\PayPalHttpConnection : INFO: Invalid or no certificate authority found - Retrying using bundled CA certs file
[28-01-2018 02:21:54] PayPal\Core\PayPalHttpConnection : INFO: Response Status 	: 200
[28-01-2018 02:21:54] PayPal\Core\PayPalHttpConnection : INFO: POST https://api.sandbox.paypal.com/v1/payments/payment
[28-01-2018 02:21:54] PayPal\Core\PayPalHttpConnection : INFO: Invalid or no certificate authority found - Retrying using bundled CA certs file
[28-01-2018 02:21:56] PayPal\Core\PayPalHttpConnection : INFO: Response Status 	: 201
[28-01-2018 02:22:19] PayPal\Core\PayPalHttpConnection : INFO: POST https://api.sandbox.paypal.com/v1/oauth2/token
[28-01-2018 02:22:20] PayPal\Core\PayPalHttpConnection : INFO: Invalid or no certificate authority found - Retrying using bundled CA certs file
[28-01-2018 02:22:21] PayPal\Core\PayPalHttpConnection : INFO: Response Status 	: 200
[28-01-2018 02:22:21] PayPal\Core\PayPalHttpConnection : INFO: GET https://api.sandbox.paypal.com/v1/payments/payment/PAY-30T94171F29278337LJW5ZBI
[28-01-2018 02:22:22] PayPal\Core\PayPalHttpConnection : INFO: Invalid or no certificate authority found - Retrying using bundled CA certs file
[28-01-2018 02:22:23] PayPal\Core\PayPalHttpConnection : INFO: Response Status 	: 200
[28-01-2018 02:22:23] PayPal\Core\PayPalHttpConnection : INFO: POST https://api.sandbox.paypal.com/v1/payments/payment/PAY-30T94171F29278337LJW5ZBI/execute
[28-01-2018 02:22:23] PayPal\Core\PayPalHttpConnection : INFO: Invalid or no certificate authority found - Retrying using bundled CA certs file
[28-01-2018 02:22:25] PayPal\Core\PayPalHttpConnection : INFO: Response Status 	: 200
[28-01-2018 02:24:44] PayPal\Core\PayPalHttpConnection : INFO: POST https://api.sandbox.paypal.com/v1/oauth2/token
[28-01-2018 02:24:46] PayPal\Core\PayPalHttpConnection : INFO: Invalid or no certificate authority found - Retrying using bundled CA certs file
[28-01-2018 02:24:47] PayPal\Core\PayPalHttpConnection : INFO: Response Status 	: 200
[28-01-2018 02:24:47] PayPal\Core\PayPalHttpConnection : INFO: POST https://api.sandbox.paypal.com/v1/payments/payment
[28-01-2018 02:24:48] PayPal\Core\PayPalHttpConnection : INFO: Invalid or no certificate authority found - Retrying using bundled CA certs file
[28-01-2018 02:24:49] PayPal\Core\PayPalHttpConnection : INFO: Response Status 	: 201
[28-01-2018 02:25:14] PayPal\Core\PayPalHttpConnection : INFO: POST https://api.sandbox.paypal.com/v1/oauth2/token
[28-01-2018 02:25:15] PayPal\Core\PayPalHttpConnection : INFO: Invalid or no certificate authority found - Retrying using bundled CA certs file
[28-01-2018 02:25:16] PayPal\Core\PayPalHttpConnection : INFO: Response Status 	: 200
[28-01-2018 02:25:16] PayPal\Core\PayPalHttpConnection : INFO: GET https://api.sandbox.paypal.com/v1/payments/payment/PAY-80N988593X6282529LJW52MQ
[28-01-2018 02:25:17] PayPal\Core\PayPalHttpConnection : INFO: Invalid or no certificate authority found - Retrying using bundled CA certs file
[28-01-2018 02:25:18] PayPal\Core\PayPalHttpConnection : INFO: Response Status 	: 200
[28-01-2018 02:25:18] PayPal\Core\PayPalHttpConnection : INFO: POST https://api.sandbox.paypal.com/v1/payments/payment/PAY-80N988593X6282529LJW52MQ/execute
[28-01-2018 02:25:18] PayPal\Core\PayPalHttpConnection : INFO: Invalid or no certificate authority found - Retrying using bundled CA certs file
[28-01-2018 02:25:20] PayPal\Core\PayPalHttpConnection : INFO: Response Status 	: 200
[28-01-2018 02:41:36] PayPal\Core\PayPalHttpConnection : INFO: POST https://api.sandbox.paypal.com/v1/oauth2/token
[28-01-2018 02:41:39] PayPal\Core\PayPalHttpConnection : INFO: POST https://api.sandbox.paypal.com/v1/oauth2/token
[28-01-2018 02:41:42] PayPal\Core\PayPalHttpConnection : INFO: Invalid or no certificate authority found - Retrying using bundled CA certs file
[28-01-2018 02:41:44] PayPal\Core\PayPalHttpConnection : INFO: Response Status 	: 200
[28-01-2018 02:41:44] PayPal\Core\PayPalHttpConnection : INFO: POST https://api.sandbox.paypal.com/v1/payments/payment
[28-01-2018 02:41:44] PayPal\Core\PayPalHttpConnection : INFO: Invalid or no certificate authority found - Retrying using bundled CA certs file
[28-01-2018 02:41:47] PayPal\Core\PayPalHttpConnection : INFO: Response Status 	: 201
[28-01-2018 02:42:29] PayPal\Core\PayPalHttpConnection : INFO: POST https://api.sandbox.paypal.com/v1/oauth2/token
[28-01-2018 02:42:45] PayPal\Core\PayPalHttpConnection : INFO: POST https://api.sandbox.paypal.com/v1/oauth2/token
[28-01-2018 02:42:50] PayPal\Core\PayPalHttpConnection : INFO: Invalid or no certificate authority found - Retrying using bundled CA certs file
[28-01-2018 02:42:54] PayPal\Core\PayPalHttpConnection : INFO: Response Status 	: 200
[28-01-2018 02:42:54] PayPal\Core\PayPalHttpConnection : INFO: GET https://api.sandbox.paypal.com/v1/payments/payment/PAY-9YF77873UB780970ELJW6CLA
[28-01-2018 02:42:54] PayPal\Core\PayPalHttpConnection : INFO: Invalid or no certificate authority found - Retrying using bundled CA certs file
[28-01-2018 02:42:56] PayPal\Core\PayPalHttpConnection : INFO: Response Status 	: 200
[28-01-2018 02:42:56] PayPal\Core\PayPalHttpConnection : INFO: POST https://api.sandbox.paypal.com/v1/payments/payment/PAY-9YF77873UB780970ELJW6CLA/execute
[28-01-2018 02:42:57] PayPal\Core\PayPalHttpConnection : INFO: Invalid or no certificate authority found - Retrying using bundled CA certs file
[28-01-2018 02:43:00] PayPal\Core\PayPalHttpConnection : INFO: Response Status 	: 200
[28-01-2018 02:48:32] PayPal\Core\PayPalHttpConnection : INFO: POST https://api.sandbox.paypal.com/v1/oauth2/token
[28-01-2018 02:48:34] PayPal\Core\PayPalHttpConnection : INFO: POST https://api.sandbox.paypal.com/v1/oauth2/token
[28-01-2018 02:48:34] PayPal\Core\PayPalHttpConnection : INFO: POST https://api.sandbox.paypal.com/v1/oauth2/token
[28-01-2018 02:48:35] PayPal\Core\PayPalHttpConnection : INFO: POST https://api.sandbox.paypal.com/v1/oauth2/token
[28-01-2018 02:48:37] PayPal\Core\PayPalHttpConnection : INFO: Invalid or no certificate authority found - Retrying using bundled CA certs file
[28-01-2018 02:48:37] PayPal\Core\PayPalHttpConnection : INFO: Invalid or no certificate authority found - Retrying using bundled CA certs file
[28-01-2018 02:48:38] PayPal\Core\PayPalHttpConnection : INFO: Invalid or no certificate authority found - Retrying using bundled CA certs file
[28-01-2018 02:48:38] PayPal\Core\PayPalHttpConnection : INFO: Invalid or no certificate authority found - Retrying using bundled CA certs file
[28-01-2018 02:48:41] PayPal\Core\PayPalHttpConnection : INFO: Response Status 	: 200
[28-01-2018 02:48:41] PayPal\Core\PayPalHttpConnection : INFO: GET https://api.sandbox.paypal.com/v1/payments/payment/PAY-9YF77873UB780970ELJW6CLA
[28-01-2018 02:48:42] PayPal\Core\PayPalHttpConnection : INFO: Response Status 	: 200
[28-01-2018 02:48:42] PayPal\Core\PayPalHttpConnection : INFO: GET https://api.sandbox.paypal.com/v1/payments/payment/PAY-9YF77873UB780970ELJW6CLA
[28-01-2018 02:48:43] PayPal\Core\PayPalHttpConnection : INFO: Response Status 	: 200
[28-01-2018 02:48:43] PayPal\Core\PayPalHttpConnection : INFO: GET https://api.sandbox.paypal.com/v1/payments/payment/PAY-9YF77873UB780970ELJW6CLA
[28-01-2018 02:48:43] PayPal\Core\PayPalHttpConnection : INFO: Response Status 	: 200
[28-01-2018 02:48:43] PayPal\Core\PayPalHttpConnection : INFO: GET https://api.sandbox.paypal.com/v1/payments/payment/PAY-9YF77873UB780970ELJW6CLA
[28-01-2018 02:48:43] PayPal\Core\PayPalHttpConnection : INFO: Invalid or no certificate authority found - Retrying using bundled CA certs file
[28-01-2018 02:48:44] PayPal\Core\PayPalHttpConnection : INFO: Invalid or no certificate authority found - Retrying using bundled CA certs file
[28-01-2018 02:48:45] PayPal\Core\PayPalHttpConnection : INFO: Invalid or no certificate authority found - Retrying using bundled CA certs file
[28-01-2018 02:48:45] PayPal\Core\PayPalHttpConnection : INFO: Invalid or no certificate authority found - Retrying using bundled CA certs file
[28-01-2018 02:48:49] PayPal\Core\PayPalHttpConnection : INFO: Response Status 	: 200
[28-01-2018 02:48:49] PayPal\Core\PayPalHttpConnection : INFO: POST https://api.sandbox.paypal.com/v1/payments/payment/PAY-9YF77873UB780970ELJW6CLA/execute
[28-01-2018 02:48:50] PayPal\Core\PayPalHttpConnection : INFO: Response Status 	: 200
[28-01-2018 02:48:50] PayPal\Core\PayPalHttpConnection : INFO: POST https://api.sandbox.paypal.com/v1/payments/payment/PAY-9YF77873UB780970ELJW6CLA/execute
[28-01-2018 02:48:50] PayPal\Core\PayPalHttpConnection : INFO: Response Status 	: 200
[28-01-2018 02:48:50] PayPal\Core\PayPalHttpConnection : INFO: Response Status 	: 200
[28-01-2018 02:48:50] PayPal\Core\PayPalHttpConnection : INFO: POST https://api.sandbox.paypal.com/v1/payments/payment/PAY-9YF77873UB780970ELJW6CLA/execute
[28-01-2018 02:48:50] PayPal\Core\PayPalHttpConnection : INFO: POST https://api.sandbox.paypal.com/v1/payments/payment/PAY-9YF77873UB780970ELJW6CLA/execute
[28-01-2018 02:48:51] PayPal\Core\PayPalHttpConnection : INFO: Invalid or no certificate authority found - Retrying using bundled CA certs file
[28-01-2018 02:48:52] PayPal\Core\PayPalHttpConnection : INFO: Invalid or no certificate authority found - Retrying using bundled CA certs file
[28-01-2018 02:48:52] PayPal\Core\PayPalHttpConnection : INFO: Invalid or no certificate authority found - Retrying using bundled CA certs file
[28-01-2018 02:48:52] PayPal\Core\PayPalHttpConnection : INFO: Invalid or no certificate authority found - Retrying using bundled CA certs file
[28-01-2018 02:48:55] PayPal\Core\PayPalHttpConnection : INFO: Response Status 	: 400
[28-01-2018 02:48:55] PayPal\Core\PayPalHttpConnection : ERROR: Got Http response code 400 when accessing https://api.sandbox.paypal.com/v1/payments/payment/PAY-9YF77873UB780970ELJW6CLA/execute. {"name":"PAYMENT_ALREADY_DONE","message":"Payment has been done already for this cart.","information_link":"https://developer.paypal.com/docs/api/payments/#errors","debug_id":"1af2f2cd79df6"}
[28-01-2018 02:48:56] PayPal\Core\PayPalHttpConnection : INFO: Response Status 	: 400
[28-01-2018 02:48:56] PayPal\Core\PayPalHttpConnection : ERROR: Got Http response code 400 when accessing https://api.sandbox.paypal.com/v1/payments/payment/PAY-9YF77873UB780970ELJW6CLA/execute. {"name":"PAYMENT_ALREADY_DONE","message":"Payment has been done already for this cart.","information_link":"https://developer.paypal.com/docs/api/payments/#errors","debug_id":"23c2131b666d6"}
[28-01-2018 02:48:56] PayPal\Core\PayPalHttpConnection : INFO: Response Status 	: 400
[28-01-2018 02:48:56] PayPal\Core\PayPalHttpConnection : ERROR: Got Http response code 400 when accessing https://api.sandbox.paypal.com/v1/payments/payment/PAY-9YF77873UB780970ELJW6CLA/execute. {"name":"PAYMENT_ALREADY_DONE","message":"Payment has been done already for this cart.","information_link":"https://developer.paypal.com/docs/api/payments/#errors","debug_id":"d5e701d3d6c77"}
[28-01-2018 02:48:57] PayPal\Core\PayPalHttpConnection : INFO: Response Status 	: 400
[28-01-2018 02:48:57] PayPal\Core\PayPalHttpConnection : ERROR: Got Http response code 400 when accessing https://api.sandbox.paypal.com/v1/payments/payment/PAY-9YF77873UB780970ELJW6CLA/execute. {"name":"PAYMENT_ALREADY_DONE","message":"Payment has been done already for this cart.","information_link":"https://developer.paypal.com/docs/api/payments/#errors","debug_id":"8e0ff26d2ce4f"}
[28-01-2018 02:52:25] PayPal\Core\PayPalHttpConnection : INFO: POST https://api.sandbox.paypal.com/v1/oauth2/token
[28-01-2018 02:52:26] PayPal\Core\PayPalHttpConnection : INFO: Invalid or no certificate authority found - Retrying using bundled CA certs file
[28-01-2018 02:52:33] PayPal\Core\PayPalHttpConnection : INFO: Response Status 	: 200
[28-01-2018 02:52:33] PayPal\Core\PayPalHttpConnection : INFO: POST https://api.sandbox.paypal.com/v1/payments/payment
[28-01-2018 02:52:38] PayPal\Core\PayPalHttpConnection : INFO: Invalid or no certificate authority found - Retrying using bundled CA certs file
[28-01-2018 02:52:40] PayPal\Core\PayPalHttpConnection : INFO: Response Status 	: 400
[28-01-2018 02:52:40] PayPal\Core\PayPalHttpConnection : ERROR: Got Http response code 400 when accessing https://api.sandbox.paypal.com/v1/payments/payment. {"name":"VALIDATION_ERROR","details":[{"field":"transactions[0].amount","issue":"Amount cannot be zero"}],"message":"Invalid request - see details","information_link":"https://developer.paypal.com/docs/api/payments/#errors","debug_id":"ce34f6bc40607"}
[28-01-2018 02:57:54] PayPal\Core\PayPalHttpConnection : INFO: POST https://api.sandbox.paypal.com/v1/oauth2/token
[28-01-2018 02:57:57] PayPal\Core\PayPalHttpConnection : INFO: Invalid or no certificate authority found - Retrying using bundled CA certs file
[28-01-2018 02:57:59] PayPal\Core\PayPalHttpConnection : INFO: Response Status 	: 200
[28-01-2018 02:57:59] PayPal\Core\PayPalHttpConnection : INFO: POST https://api.sandbox.paypal.com/v1/payments/payment
[28-01-2018 02:58:01] PayPal\Core\PayPalHttpConnection : INFO: Invalid or no certificate authority found - Retrying using bundled CA certs file
[28-01-2018 02:58:03] PayPal\Core\PayPalHttpConnection : INFO: Response Status 	: 201
[28-01-2018 02:58:37] PayPal\Core\PayPalHttpConnection : INFO: POST https://api.sandbox.paypal.com/v1/oauth2/token
[28-01-2018 02:58:38] PayPal\Core\PayPalHttpConnection : INFO: Invalid or no certificate authority found - Retrying using bundled CA certs file
[28-01-2018 02:58:39] PayPal\Core\PayPalHttpConnection : INFO: Response Status 	: 200
[28-01-2018 02:58:39] PayPal\Core\PayPalHttpConnection : INFO: GET https://api.sandbox.paypal.com/v1/payments/payment/PAY-5UC39647KJ729383XLJW6J7A
[28-01-2018 02:58:39] PayPal\Core\PayPalHttpConnection : INFO: Invalid or no certificate authority found - Retrying using bundled CA certs file
[28-01-2018 02:58:40] PayPal\Core\PayPalHttpConnection : INFO: Response Status 	: 200
[28-01-2018 02:58:41] PayPal\Core\PayPalHttpConnection : INFO: POST https://api.sandbox.paypal.com/v1/payments/payment/PAY-5UC39647KJ729383XLJW6J7A/execute
[28-01-2018 02:58:41] PayPal\Core\PayPalHttpConnection : INFO: Invalid or no certificate authority found - Retrying using bundled CA certs file
[28-01-2018 02:58:43] PayPal\Core\PayPalHttpConnection : INFO: Response Status 	: 200
[28-01-2018 03:00:11] PayPal\Core\PayPalHttpConnection : INFO: POST https://api.sandbox.paypal.com/v1/oauth2/token
[28-01-2018 03:00:13] PayPal\Core\PayPalHttpConnection : INFO: Invalid or no certificate authority found - Retrying using bundled CA certs file
[28-01-2018 03:00:15] PayPal\Core\PayPalHttpConnection : INFO: Response Status 	: 200
[28-01-2018 03:00:15] PayPal\Core\PayPalHttpConnection : INFO: POST https://api.sandbox.paypal.com/v1/payments/payment
[28-01-2018 03:00:15] PayPal\Core\PayPalHttpConnection : INFO: Invalid or no certificate authority found - Retrying using bundled CA certs file
[28-01-2018 03:00:16] PayPal\Core\PayPalHttpConnection : INFO: Response Status 	: 201
[28-01-2018 03:00:52] PayPal\Core\PayPalHttpConnection : INFO: POST https://api.sandbox.paypal.com/v1/oauth2/token
[28-01-2018 03:00:53] PayPal\Core\PayPalHttpConnection : INFO: Invalid or no certificate authority found - Retrying using bundled CA certs file
[28-01-2018 03:01:00] PayPal\Core\PayPalHttpConnection : INFO: Response Status 	: 200
[28-01-2018 03:01:00] PayPal\Core\PayPalHttpConnection : INFO: GET https://api.sandbox.paypal.com/v1/payments/payment/PAY-036836454P991351FLJW6LAQ
[28-01-2018 03:01:05] PayPal\Core\PayPalHttpConnection : INFO: Invalid or no certificate authority found - Retrying using bundled CA certs file
[28-01-2018 03:01:12] PayPal\Core\PayPalHttpConnection : INFO: Response Status 	: 200
[28-01-2018 03:01:12] PayPal\Core\PayPalHttpConnection : INFO: POST https://api.sandbox.paypal.com/v1/payments/payment/PAY-036836454P991351FLJW6LAQ/execute
[28-01-2018 03:01:26] PayPal\Core\PayPalHttpConnection : INFO: POST https://api.sandbox.paypal.com/v1/oauth2/token
[28-01-2018 03:01:33] PayPal\Core\PayPalHttpConnection : INFO: Invalid or no certificate authority found - Retrying using bundled CA certs file
[28-01-2018 03:01:49] PayPal\Core\PayPalHttpConnection : INFO: POST https://api.sandbox.paypal.com/v1/oauth2/token
[28-01-2018 03:01:59] PayPal\Core\PayPalHttpConnection : INFO: Invalid or no certificate authority found - Retrying using bundled CA certs file
[28-01-2018 03:02:12] PayPal\Core\PayPalHttpConnection : INFO: POST https://api.sandbox.paypal.com/v1/oauth2/token
[28-01-2018 03:02:25] PayPal\Core\PayPalHttpConnection : INFO: POST https://api.sandbox.paypal.com/v1/oauth2/token
[28-01-2018 03:02:44] PayPal\Core\PayPalHttpConnection : INFO: POST https://api.sandbox.paypal.com/v1/oauth2/token
[28-01-2018 03:03:09] PayPal\Core\PayPalHttpConnection : INFO: POST https://api.sandbox.paypal.com/v1/oauth2/token
[28-01-2018 03:03:36] PayPal\Core\PayPalHttpConnection : INFO: POST https://api.sandbox.paypal.com/v1/oauth2/token
[28-01-2018 03:03:37] PayPal\Core\PayPalHttpConnection : INFO: Invalid or no certificate authority found - Retrying using bundled CA certs file
[28-01-2018 03:03:40] PayPal\Core\PayPalHttpConnection : INFO: Response Status 	: 200
[28-01-2018 03:03:40] PayPal\Core\PayPalHttpConnection : INFO: POST https://api.sandbox.paypal.com/v1/payments/payment
[28-01-2018 03:03:43] PayPal\Core\PayPalHttpConnection : INFO: Invalid or no certificate authority found - Retrying using bundled CA certs file
[28-01-2018 03:03:46] PayPal\Core\PayPalHttpConnection : INFO: Response Status 	: 201
[28-01-2018 03:04:50] PayPal\Core\PayPalHttpConnection : INFO: POST https://api.sandbox.paypal.com/v1/oauth2/token
[28-01-2018 03:05:06] PayPal\Core\PayPalHttpConnection : INFO: POST https://api.sandbox.paypal.com/v1/oauth2/token
[28-01-2018 03:05:09] PayPal\Core\PayPalHttpConnection : INFO: Invalid or no certificate authority found - Retrying using bundled CA certs file
[28-01-2018 03:05:22] PayPal\Core\PayPalHttpConnection : INFO: POST https://api.sandbox.paypal.com/v1/oauth2/token
[28-01-2018 03:05:27] PayPal\Core\PayPalHttpConnection : INFO: Invalid or no certificate authority found - Retrying using bundled CA certs file
[28-01-2018 03:05:30] PayPal\Core\PayPalHttpConnection : INFO: Response Status 	: 200
[28-01-2018 03:05:30] PayPal\Core\PayPalHttpConnection : INFO: GET https://api.sandbox.paypal.com/v1/payments/payment/PAY-9VS97245VD998792GLJW6MUY
[28-01-2018 03:05:32] PayPal\Core\PayPalHttpConnection : INFO: Invalid or no certificate authority found - Retrying using bundled CA certs file
[28-01-2018 03:05:34] PayPal\Core\PayPalHttpConnection : INFO: Response Status 	: 200
[28-01-2018 03:05:34] PayPal\Core\PayPalHttpConnection : INFO: POST https://api.sandbox.paypal.com/v1/payments/payment/PAY-9VS97245VD998792GLJW6MUY/execute
[28-01-2018 03:05:35] PayPal\Core\PayPalHttpConnection : INFO: Invalid or no certificate authority found - Retrying using bundled CA certs file
[28-01-2018 03:05:38] PayPal\Core\PayPalHttpConnection : INFO: Response Status 	: 200
[28-01-2018 03:08:55] PayPal\Core\PayPalHttpConnection : INFO: POST https://api.sandbox.paypal.com/v1/oauth2/token
[28-01-2018 03:09:02] PayPal\Core\PayPalHttpConnection : INFO: Invalid or no certificate authority found - Retrying using bundled CA certs file
[28-01-2018 03:09:10] PayPal\Core\PayPalHttpConnection : INFO: Response Status 	: 200
[28-01-2018 03:09:10] PayPal\Core\PayPalHttpConnection : INFO: POST https://api.sandbox.paypal.com/v1/payments/payment
[28-01-2018 03:09:11] PayPal\Core\PayPalHttpConnection : INFO: Invalid or no certificate authority found - Retrying using bundled CA certs file
[28-01-2018 03:09:15] PayPal\Core\PayPalHttpConnection : INFO: Response Status 	: 201
[28-01-2018 03:10:26] PayPal\Core\PayPalHttpConnection : INFO: POST https://api.sandbox.paypal.com/v1/oauth2/token
[28-01-2018 03:10:29] PayPal\Core\PayPalHttpConnection : INFO: Invalid or no certificate authority found - Retrying using bundled CA certs file
[28-01-2018 03:10:33] PayPal\Core\PayPalHttpConnection : INFO: Response Status 	: 200
[28-01-2018 03:10:33] PayPal\Core\PayPalHttpConnection : INFO: GET https://api.sandbox.paypal.com/v1/payments/payment/PAY-0PD023577P016525SLJW6PHA
[28-01-2018 03:10:34] PayPal\Core\PayPalHttpConnection : INFO: Invalid or no certificate authority found - Retrying using bundled CA certs file
[28-01-2018 03:10:37] PayPal\Core\PayPalHttpConnection : INFO: Response Status 	: 200
[28-01-2018 03:10:37] PayPal\Core\PayPalHttpConnection : INFO: POST https://api.sandbox.paypal.com/v1/payments/payment/PAY-0PD023577P016525SLJW6PHA/execute
[28-01-2018 03:10:39] PayPal\Core\PayPalHttpConnection : INFO: Invalid or no certificate authority found - Retrying using bundled CA certs file
[28-01-2018 03:10:44] PayPal\Core\PayPalHttpConnection : INFO: Response Status 	: 200
[28-01-2018 03:11:30] PayPal\Core\PayPalHttpConnection : INFO: POST https://api.sandbox.paypal.com/v1/oauth2/token
[28-01-2018 03:11:35] PayPal\Core\PayPalHttpConnection : INFO: Invalid or no certificate authority found - Retrying using bundled CA certs file
[28-01-2018 03:11:41] PayPal\Core\PayPalHttpConnection : INFO: Response Status 	: 200
[28-01-2018 03:11:41] PayPal\Core\PayPalHttpConnection : INFO: POST https://api.sandbox.paypal.com/v1/payments/payment
[28-01-2018 03:11:42] PayPal\Core\PayPalHttpConnection : INFO: Invalid or no certificate authority found - Retrying using bundled CA certs file
[28-01-2018 03:11:45] PayPal\Core\PayPalHttpConnection : INFO: Response Status 	: 201
[28-01-2018 03:17:32] PayPal\Core\PayPalHttpConnection : INFO: POST https://api.sandbox.paypal.com/v1/oauth2/token
[28-01-2018 03:17:39] PayPal\Core\PayPalHttpConnection : INFO: Invalid or no certificate authority found - Retrying using bundled CA certs file
[28-01-2018 03:17:40] PayPal\Core\PayPalHttpConnection : INFO: Response Status 	: 200
[28-01-2018 03:17:40] PayPal\Core\PayPalHttpConnection : INFO: GET https://api.sandbox.paypal.com/v1/payments/payment/PAY-64L793526R470584BLJW6QMQ
[28-01-2018 03:17:41] PayPal\Core\PayPalHttpConnection : INFO: Invalid or no certificate authority found - Retrying using bundled CA certs file
[28-01-2018 03:17:43] PayPal\Core\PayPalHttpConnection : INFO: Response Status 	: 200
[28-01-2018 03:17:43] PayPal\Core\PayPalHttpConnection : INFO: POST https://api.sandbox.paypal.com/v1/payments/payment/PAY-64L793526R470584BLJW6QMQ/execute
[28-01-2018 03:17:44] PayPal\Core\PayPalHttpConnection : INFO: Invalid or no certificate authority found - Retrying using bundled CA certs file
[28-01-2018 03:17:46] PayPal\Core\PayPalHttpConnection : INFO: Response Status 	: 200
[28-01-2018 03:19:18] PayPal\Core\PayPalHttpConnection : INFO: POST https://api.sandbox.paypal.com/v1/oauth2/token
[28-01-2018 03:19:25] PayPal\Core\PayPalHttpConnection : INFO: Invalid or no certificate authority found - Retrying using bundled CA certs file
[28-01-2018 03:19:27] PayPal\Core\PayPalHttpConnection : INFO: Response Status 	: 200
[28-01-2018 03:19:27] PayPal\Core\PayPalHttpConnection : INFO: POST https://api.sandbox.paypal.com/v1/payments/payment
[28-01-2018 03:19:28] PayPal\Core\PayPalHttpConnection : INFO: Invalid or no certificate authority found - Retrying using bundled CA certs file
[28-01-2018 03:19:30] PayPal\Core\PayPalHttpConnection : INFO: Response Status 	: 201
[28-01-2018 03:21:19] PayPal\Core\PayPalHttpConnection : INFO: POST https://api.sandbox.paypal.com/v1/oauth2/token
[28-01-2018 03:21:33] PayPal\Core\PayPalHttpConnection : INFO: POST https://api.sandbox.paypal.com/v1/oauth2/token
[28-01-2018 03:22:45] PayPal\Core\PayPalHttpConnection : INFO: POST https://api.sandbox.paypal.com/v1/oauth2/token
[28-01-2018 03:22:50] PayPal\Core\PayPalHttpConnection : INFO: Invalid or no certificate authority found - Retrying using bundled CA certs file
[28-01-2018 03:22:54] PayPal\Core\PayPalHttpConnection : INFO: Response Status 	: 200
[28-01-2018 03:22:54] PayPal\Core\PayPalHttpConnection : INFO: GET https://api.sandbox.paypal.com/v1/payments/payment/PAY-19X835112S729363MLJW6UAY
[28-01-2018 03:22:56] PayPal\Core\PayPalHttpConnection : INFO: Invalid or no certificate authority found - Retrying using bundled CA certs file
[28-01-2018 03:22:58] PayPal\Core\PayPalHttpConnection : INFO: Response Status 	: 200
[28-01-2018 03:22:58] PayPal\Core\PayPalHttpConnection : INFO: POST https://api.sandbox.paypal.com/v1/payments/payment/PAY-19X835112S729363MLJW6UAY/execute
[28-01-2018 03:23:00] PayPal\Core\PayPalHttpConnection : INFO: Invalid or no certificate authority found - Retrying using bundled CA certs file
[28-01-2018 03:23:03] PayPal\Core\PayPalHttpConnection : INFO: Response Status 	: 200
[28-01-2018 05:26:09] PayPal\Core\PayPalHttpConnection : INFO: POST https://api.sandbox.paypal.com/v1/oauth2/token
[28-01-2018 05:26:15] PayPal\Core\PayPalHttpConnection : INFO: Invalid or no certificate authority found - Retrying using bundled CA certs file
[28-01-2018 05:26:17] PayPal\Core\PayPalHttpConnection : INFO: Response Status 	: 200
[28-01-2018 05:26:17] PayPal\Core\PayPalHttpConnection : INFO: POST https://api.sandbox.paypal.com/v1/payments/payment
[28-01-2018 05:26:18] PayPal\Core\PayPalHttpConnection : INFO: Invalid or no certificate authority found - Retrying using bundled CA certs file
[28-01-2018 05:26:19] PayPal\Core\PayPalHttpConnection : INFO: Response Status 	: 400
[28-01-2018 05:26:19] PayPal\Core\PayPalHttpConnection : ERROR: Got Http response code 400 when accessing https://api.sandbox.paypal.com/v1/payments/payment. {"name":"VALIDATION_ERROR","details":[{"field":"transactions[0].amount","issue":"Amount cannot be zero"}],"message":"Invalid request - see details","information_link":"https://developer.paypal.com/docs/api/payments/#errors","debug_id":"e436ec318bcd5"}
[28-01-2018 06:15:16] PayPal\Core\PayPalHttpConnection : INFO: POST https://api.sandbox.paypal.com/v1/oauth2/token
[28-01-2018 06:15:21] PayPal\Core\PayPalHttpConnection : INFO: Invalid or no certificate authority found - Retrying using bundled CA certs file
[28-01-2018 06:15:23] PayPal\Core\PayPalHttpConnection : INFO: Response Status 	: 200
[28-01-2018 06:15:23] PayPal\Core\PayPalHttpConnection : INFO: POST https://api.sandbox.paypal.com/v1/payments/payment
[28-01-2018 06:15:24] PayPal\Core\PayPalHttpConnection : INFO: Invalid or no certificate authority found - Retrying using bundled CA certs file
[28-01-2018 06:15:25] PayPal\Core\PayPalHttpConnection : INFO: Response Status 	: 201
[28-01-2018 06:17:21] PayPal\Core\PayPalHttpConnection : INFO: POST https://api.sandbox.paypal.com/v1/oauth2/token
[28-01-2018 06:17:30] PayPal\Core\PayPalHttpConnection : INFO: Invalid or no certificate authority found - Retrying using bundled CA certs file
[28-01-2018 06:17:33] PayPal\Core\PayPalHttpConnection : INFO: Response Status 	: 200
[28-01-2018 06:17:33] PayPal\Core\PayPalHttpConnection : INFO: GET https://api.sandbox.paypal.com/v1/payments/payment/PAY-5LG04104GD114821MLJXBGPY
[28-01-2018 06:17:34] PayPal\Core\PayPalHttpConnection : INFO: Invalid or no certificate authority found - Retrying using bundled CA certs file
[28-01-2018 06:17:36] PayPal\Core\PayPalHttpConnection : INFO: Response Status 	: 200
[28-01-2018 06:17:37] PayPal\Core\PayPalHttpConnection : INFO: POST https://api.sandbox.paypal.com/v1/payments/payment/PAY-5LG04104GD114821MLJXBGPY/execute
[28-01-2018 06:17:38] PayPal\Core\PayPalHttpConnection : INFO: Invalid or no certificate authority found - Retrying using bundled CA certs file
[28-01-2018 06:17:41] PayPal\Core\PayPalHttpConnection : INFO: Response Status 	: 200
[28-01-2018 06:18:46] PayPal\Core\PayPalHttpConnection : INFO: POST https://api.sandbox.paypal.com/v1/oauth2/token
[28-01-2018 06:18:49] PayPal\Core\PayPalHttpConnection : INFO: Invalid or no certificate authority found - Retrying using bundled CA certs file
[28-01-2018 06:18:52] PayPal\Core\PayPalHttpConnection : INFO: Response Status 	: 200
[28-01-2018 06:18:52] PayPal\Core\PayPalHttpConnection : INFO: GET https://api.sandbox.paypal.com/v1/payments/payment/PAY-5LG04104GD114821MLJXBGPY
[28-01-2018 06:18:53] PayPal\Core\PayPalHttpConnection : INFO: Invalid or no certificate authority found - Retrying using bundled CA certs file
[28-01-2018 06:18:55] PayPal\Core\PayPalHttpConnection : INFO: Response Status 	: 200
[28-01-2018 06:18:55] PayPal\Core\PayPalHttpConnection : INFO: POST https://api.sandbox.paypal.com/v1/payments/payment/PAY-5LG04104GD114821MLJXBGPY/execute
[28-01-2018 06:18:56] PayPal\Core\PayPalHttpConnection : INFO: Invalid or no certificate authority found - Retrying using bundled CA certs file
[28-01-2018 06:18:58] PayPal\Core\PayPalHttpConnection : INFO: Response Status 	: 400
[28-01-2018 06:18:58] PayPal\Core\PayPalHttpConnection : ERROR: Got Http response code 400 when accessing https://api.sandbox.paypal.com/v1/payments/payment/PAY-5LG04104GD114821MLJXBGPY/execute. {"name":"PAYMENT_ALREADY_DONE","message":"Payment has been done already for this cart.","information_link":"https://developer.paypal.com/docs/api/payments/#errors","debug_id":"b498c112c5552"}
[28-01-2018 06:20:08] PayPal\Core\PayPalHttpConnection : INFO: POST https://api.sandbox.paypal.com/v1/oauth2/token
[28-01-2018 06:20:12] PayPal\Core\PayPalHttpConnection : INFO: Invalid or no certificate authority found - Retrying using bundled CA certs file
[28-01-2018 06:20:14] PayPal\Core\PayPalHttpConnection : INFO: Response Status 	: 200
[28-01-2018 06:20:14] PayPal\Core\PayPalHttpConnection : INFO: POST https://api.sandbox.paypal.com/v1/payments/payment
[28-01-2018 06:20:15] PayPal\Core\PayPalHttpConnection : INFO: Invalid or no certificate authority found - Retrying using bundled CA certs file
[28-01-2018 06:20:17] PayPal\Core\PayPalHttpConnection : INFO: Response Status 	: 201
[28-01-2018 06:21:16] PayPal\Core\PayPalHttpConnection : INFO: POST https://api.sandbox.paypal.com/v1/oauth2/token
[28-01-2018 06:21:17] PayPal\Core\PayPalHttpConnection : INFO: Invalid or no certificate authority found - Retrying using bundled CA certs file
[28-01-2018 06:21:18] PayPal\Core\PayPalHttpConnection : INFO: Response Status 	: 200
[28-01-2018 06:21:18] PayPal\Core\PayPalHttpConnection : INFO: GET https://api.sandbox.paypal.com/v1/payments/payment/PAY-60U89601PN223660TLJXBIYY
[28-01-2018 06:21:19] PayPal\Core\PayPalHttpConnection : INFO: Invalid or no certificate authority found - Retrying using bundled CA certs file
[28-01-2018 06:21:21] PayPal\Core\PayPalHttpConnection : INFO: Response Status 	: 200
[28-01-2018 06:21:21] PayPal\Core\PayPalHttpConnection : INFO: POST https://api.sandbox.paypal.com/v1/payments/payment/PAY-60U89601PN223660TLJXBIYY/execute
[28-01-2018 06:21:22] PayPal\Core\PayPalHttpConnection : INFO: Invalid or no certificate authority found - Retrying using bundled CA certs file
[28-01-2018 06:21:26] PayPal\Core\PayPalHttpConnection : INFO: Response Status 	: 200
[28-01-2018 06:51:13] PayPal\Core\PayPalHttpConnection : INFO: POST https://api.sandbox.paypal.com/v1/oauth2/token
[28-01-2018 06:51:16] PayPal\Core\PayPalHttpConnection : INFO: Invalid or no certificate authority found - Retrying using bundled CA certs file
[28-01-2018 06:51:19] PayPal\Core\PayPalHttpConnection : INFO: Response Status 	: 200
[28-01-2018 06:51:19] PayPal\Core\PayPalHttpConnection : INFO: POST https://api.sandbox.paypal.com/v1/payments/payment
[28-01-2018 06:51:21] PayPal\Core\PayPalHttpConnection : INFO: Invalid or no certificate authority found - Retrying using bundled CA certs file
[28-01-2018 06:51:25] PayPal\Core\PayPalHttpConnection : INFO: Response Status 	: 201
[28-01-2018 08:10:27] PayPal\Core\PayPalHttpConnection : INFO: POST https://api.sandbox.paypal.com/v1/oauth2/token
[28-01-2018 08:10:35] PayPal\Core\PayPalHttpConnection : INFO: Invalid or no certificate authority found - Retrying using bundled CA certs file
[28-01-2018 08:10:38] PayPal\Core\PayPalHttpConnection : INFO: Response Status 	: 200
[28-01-2018 08:10:38] PayPal\Core\PayPalHttpConnection : INFO: GET https://api.sandbox.paypal.com/v1/payments/payment/PAY-05256510KG431851PLJXBXLQ
[28-01-2018 08:10:39] PayPal\Core\PayPalHttpConnection : INFO: Invalid or no certificate authority found - Retrying using bundled CA certs file
[28-01-2018 08:10:41] PayPal\Core\PayPalHttpConnection : INFO: Response Status 	: 200
[28-01-2018 08:10:41] PayPal\Core\PayPalHttpConnection : INFO: POST https://api.sandbox.paypal.com/v1/payments/payment/PAY-05256510KG431851PLJXBXLQ/execute
[28-01-2018 08:10:42] PayPal\Core\PayPalHttpConnection : INFO: Invalid or no certificate authority found - Retrying using bundled CA certs file
[28-01-2018 08:10:45] PayPal\Core\PayPalHttpConnection : INFO: Response Status 	: 200
[29-01-2018 04:17:29] PayPal\Core\PayPalHttpConnection : INFO: POST https://api.sandbox.paypal.com/v1/oauth2/token
[29-01-2018 04:17:30] PayPal\Core\PayPalHttpConnection : INFO: Invalid or no certificate authority found - Retrying using bundled CA certs file
[29-01-2018 04:17:31] PayPal\Core\PayPalHttpConnection : INFO: Response Status 	: 200
[29-01-2018 04:17:31] PayPal\Core\PayPalHttpConnection : INFO: POST https://api.sandbox.paypal.com/v1/payments/payment
[29-01-2018 04:17:32] PayPal\Core\PayPalHttpConnection : INFO: Invalid or no certificate authority found - Retrying using bundled CA certs file
[29-01-2018 04:17:33] PayPal\Core\PayPalHttpConnection : INFO: Response Status 	: 201
[01-02-2018 06:08:13] PayPal\Core\PayPalHttpConnection : INFO: POST https://api.sandbox.paypal.com/v1/oauth2/token
